<?xml version="1.0" encoding="UTF-8"?>
<!-- Generated by org.testng.reporters.JUnitXMLReporter -->
<testsuite hostname="EIT-20170712IIN" ignored="12" name="test" tests="14" failures="0" timestamp="30 八月 2017 05:39:03 GMT" time="169.208" errors="0">
  <testcase name="LoginTest" time="0.792" classname="com.chedai.test.NewPackTest"/>
  <testcase name="newPack" time="4.826" classname="com.chedai.test.NewPackTest"/>
  <testcase name="newCredit" time="26.283" classname="com.chedai.test.CreditEvaluationTest"/>
  <testcase name="newEvaluation" time="20.367" classname="com.chedai.test.CreditEvaluationTest"/>
  <testcase name="qualityAuditTest" time="13.371" classname="com.chedai.test.AuditTest"/>
  <testcase name="PreliminaryAuditTest" time="13.138" classname="com.chedai.test.AuditTest"/>
  <testcase name="FinalAuditTest" time="13.468" classname="com.chedai.test.AuditTest"/>
  <testcase name="assessAuditTest" time="12.677" classname="com.chedai.test.AuditTest"/>
  <testcase name="AgreeReview" time="3.488" classname="com.chedai.test.ReportTheContractTest"/>
  <testcase name="SignContract" time="7.179" classname="com.chedai.test.ReportTheContractTest"/>
  <testcase name="ContractSign" time="16.947" classname="com.chedai.test.ContractSignTest"/>
  <testcase name="ContractSign" time="9.983" classname="com.chedai.test.ContractReviewTest"/>
  <testcase name="sendApplicationTest" time="10.288" classname="com.chedai.test.LoanTest"/>
  <testcase name="SendTenderAuditTest" time="9.446" classname="com.chedai.test.LoanTest"/>
  <testcase name="@BeforeSuite setUp" time="0.0" classname="com.chedai.test.InitTest">
    <ignored/>
  </testcase> <!-- @BeforeSuite setUp -->
  <testcase name="@BeforeSuite setUp" time="0.0" classname="com.chedai.test.InitTest">
    <ignored/>
  </testcase> <!-- @BeforeSuite setUp -->
  <testcase name="@BeforeSuite setUp" time="0.0" classname="com.chedai.test.InitTest">
    <ignored/>
  </testcase> <!-- @BeforeSuite setUp -->
  <testcase name="@BeforeSuite setUp" time="0.0" classname="com.chedai.test.InitTest">
    <ignored/>
  </testcase> <!-- @BeforeSuite setUp -->
  <testcase name="@BeforeSuite setUp" time="0.0" classname="com.chedai.test.InitTest">
    <ignored/>
  </testcase> <!-- @BeforeSuite setUp -->
  <testcase name="@BeforeSuite setUp" time="0.0" classname="com.chedai.test.InitTest">
    <ignored/>
  </testcase> <!-- @BeforeSuite setUp -->
  <testcase name="@AfterSuite tearDown" time="0.0" classname="com.chedai.test.InitTest">
    <ignored/>
  </testcase> <!-- @AfterSuite tearDown -->
  <testcase name="@AfterSuite tearDown" time="0.0" classname="com.chedai.test.InitTest">
    <ignored/>
  </testcase> <!-- @AfterSuite tearDown -->
  <testcase name="@AfterSuite tearDown" time="0.0" classname="com.chedai.test.InitTest">
    <ignored/>
  </testcase> <!-- @AfterSuite tearDown -->
  <testcase name="@AfterSuite tearDown" time="0.0" classname="com.chedai.test.InitTest">
    <ignored/>
  </testcase> <!-- @AfterSuite tearDown -->
  <testcase name="@AfterSuite tearDown" time="0.0" classname="com.chedai.test.InitTest">
    <ignored/>
  </testcase> <!-- @AfterSuite tearDown -->
  <testcase name="@AfterSuite tearDown" time="0.0" classname="com.chedai.test.InitTest">
    <ignored/>
  </testcase> <!-- @AfterSuite tearDown -->
</testsuite> <!-- test -->
