<html xmlns:math="http://exslt.org/math" xmlns:testng="http://testng.org">
   <head>
      <title>TestNG Results</title>
      <meta http-equiv="content-type" content="text/html; charset=utf-8"></meta>
      <meta http-equiv="pragma" content="no-cache"></meta>
      <meta http-equiv="cache-control" content="max-age=0"></meta>
      <meta http-equiv="cache-control" content="no-cache"></meta>
      <meta http-equiv="cache-control" content="no-store"></meta>
      <LINK rel="stylesheet" href="style.css"></LINK>
      <script type="text/javascript" src="main.js"></script>
   </head>
   <body>
      <table width="100%" style="font-size: 16px; margin-bottom: 10px;" cellspacing="1">
         <tr>
            <td width="100%">
               All methods in suite
               
               <b>Suite</b>
            </td>
            <td style="background-color: #FFBBBB; padding: 3px 3px 3px 0;" align="center">
               <div style="width: 50px;">1</div>
            </td>
            <td style="background-color: lightgreen; padding: 3px 3px 3px 0;" align="center">
               <div style="width: 50px;">10</div>
            </td>
            <td style="background-color: #FFFFBB; padding: 3px 3px 3px 0;" align="center">
               <div style="width: 50px;">3</div>
            </td>
            <td align="center" style="background-color: #eaf0f7; padding: 3px 3px 3px 0;">
               <div style="width: 50px;">14</div>
            </td>
            <td align="center"
                style="font-weight: bold; background-color: #eaf0f7; padding: 3px 3px 3px 0;">
               <div style="width: 50px;">71%</div>
            </td>
         </tr>
      </table>
      <div style="width: 200px;">
         <label for="groupMethodsCheckBox" style="font-weight: bold; margin: 0;">
            <input id="groupMethodsCheckBox" type="checkbox" onclick="switchTestMethodsView(this)"></input>
            Group by class
            
         </label>
         <br></br>
         <label for="methodsFilter_ALL" style="font-weight: bold; margin: 0;">
            <input id="methodsFilter_ALL" type="checkbox"
                   onclick="testMethodsFilterChanged(this, 'ALL')"></input>
            All
            
         </label>
      </div>
      <label for="methodsFilter_FAIL" style="margin-left: 20px;">
         <input id="methodsFilter_FAIL" type="checkbox"
                onclick="testMethodsFilterChanged(this, 'FAIL')"
                checked=""></input>
         Failed
         
      </label>
      <label for="methodsFilter_PASS">
         <input id="methodsFilter_PASS" type="checkbox"
                onclick="testMethodsFilterChanged(this, 'PASS')"
                checked=""></input>
         Passed
         
      </label>
      <label for="methodsFilter_SKIP">
         <input id="methodsFilter_SKIP" type="checkbox"
                onclick="testMethodsFilterChanged(this, 'SKIP')"
                checked=""></input>
         Skipped
         
      </label>
      <label for="methodsFilter_CONF">
         <input id="methodsFilter_CONF" type="checkbox"
                onclick="testMethodsFilterChanged(this, 'CONF')"></input>
         Config
         
      </label>
      <br></br>
      <div id="testMethodsByStatus">
         <table class="testMethodsTable" cellpadding="0" cellspacing="0">
            <tr class="methodsTableHeader">
               <td width="100%">Name</td>
               <td nowrap="true">Started</td>
               <td nowrap="true">Duration</td>
               <td>Exception</td>
            </tr>
            <tr id="com.chedai.test.ContractSignTest_ContractSign_byStatus_failed_FAIL1_row"
                class="testMethodStatusFAIL">
               <td width="100%" class="firstMethodCell">
                  <a onclick="toggleDetailsVisibility('com.chedai.test.ContractSignTest_ContractSign_byStatus_failed_FAIL1_details')">ContractSign()</a>
               </td>
               <td nowrap="true">17:23:22</td>
               <td nowrap="true" align="right">28s
                  
               </td>
               <td nowrap="true">
                  <a onclick="toggleDetailsVisibility('com.chedai.test.ContractSignTest_ContractSign_byStatus_failed_FAIL1_exception')">org.openqa.selenium.WebDriverException: 
                     unknown error: Element &lt;a href="#" class="easyui-linkbutton" onclick="uploadPdf(0)"&gt;...&lt;/a&gt; is not clickable at point (1728,
                     303). Other element would receive the click: &lt;div id="upload-img"&gt;...&lt;/div&gt;
                     (Session info: chrome=60.0.3112.113)
                     (Driver info: chromedriver=2.28.455520 (cc17746adff54984afff480136733114c6b3704b),platform=Windows NT 6.1.7601 SP1 x86_64)
                     (WARNING: The server did not provide any stacktrace information)
                     Command duration or timeout: 62 milliseconds
                     Build info: version: '3.4.0', revision: 'unknown', time: 'unknown'
                     System info: host: 'EIT-20170712IIN', ip: '172.20.8.159', os.name: 'Windows 7', os.arch: 'amd64', os.version: '6.1', java.version:
                     '1.8.0_144'
                     Driver info: org.openqa.selenium.chrome.ChromeDriver
                     Capabilities [{applicationCacheEnabled=false, rotatable=false, mobileEmulationEnabled=false, networkConnectionEnabled=false,
                     chrome={chromedriverVersion=2.28.455520 (cc17746adff54984afff480136733114c6b3704b), userDataDir=C:\Users\ADMINI~1.EIT\AppData\Local\Temp\scoped_dir6944_27902},
                     takesHeapSnapshot=true, pageLoadStrategy=normal, databaseEnabled=false, handlesAlerts=true, hasTouchScreen=false, version=60.0.3112.113,
                     platform=XP, browserConnectionEnabled=false, nativeEvents=true, acceptSslCerts=true, locationContextEnabled=true, webStorageEnabled=true,
                     browserName=chrome, takesScreenshot=true, javascriptEnabled=true, cssSelectorsEnabled=true, unexpectedAlertBehaviour=}]
                     Session ID: becf5bd30e4b12805fa2f6563e08b03e
                     
                  </a>
                   
                  
               </td>
            </tr>
            <tr>
               <td colspan="4" class="detailsBox">
                  <div id="com.chedai.test.ContractSignTest_ContractSign_byStatus_failed_FAIL1_details"
                       class="testMethodDetails">
                     <div>
                        <b>Name: </b>ContractSign
                     </div>
                     <div>
                        <b>Signature: </b>ContractSign()[pri:10, instance:com.chedai.test.ContractSignTest@23e028a9]
                     </div>
                     <div>
                        <b>Start time: </b>17:23:22
                     </div>
                     <div>
                        <b>End time: </b>17:23:51
                     </div>
                     <div>
                        <b>Duration: </b>28s
                        
                     </div>
                  </div>
               </td>
            </tr>
            <tr>
               <td colspan="4" class="detailsBox">
                  <div id="com.chedai.test.ContractSignTest_ContractSign_byStatus_failed_FAIL1_exception"
                       class="testMethodDetails">
                     <pre style="padding: 5px; margin: 0;">org.openqa.selenium.WebDriverException: unknown error: Element &lt;a href="#" class="easyui-linkbutton" onclick="uploadPdf(0)"&gt;...&lt;/a&gt;
                        is not clickable at point (1728, 303). Other element would receive the click: &lt;div id="upload-img"&gt;...&lt;/div&gt;
                        (Session info: chrome=60.0.3112.113)
                        (Driver info: chromedriver=2.28.455520 (cc17746adff54984afff480136733114c6b3704b),platform=Windows NT 6.1.7601 SP1 x86_64)
                        (WARNING: The server did not provide any stacktrace information)
                        Command duration or timeout: 62 milliseconds
                        Build info: version: '3.4.0', revision: 'unknown', time: 'unknown'
                        System info: host: 'EIT-20170712IIN', ip: '172.20.8.159', os.name: 'Windows 7', os.arch: 'amd64', os.version: '6.1', java.version:
                        '1.8.0_144'
                        Driver info: org.openqa.selenium.chrome.ChromeDriver
                        Capabilities [{applicationCacheEnabled=false, rotatable=false, mobileEmulationEnabled=false, networkConnectionEnabled=false,
                        chrome={chromedriverVersion=2.28.455520 (cc17746adff54984afff480136733114c6b3704b), userDataDir=C:\Users\ADMINI~1.EIT\AppData\Local\Temp\scoped_dir6944_27902},
                        takesHeapSnapshot=true, pageLoadStrategy=normal, databaseEnabled=false, handlesAlerts=true, hasTouchScreen=false, version=60.0.3112.113,
                        platform=XP, browserConnectionEnabled=false, nativeEvents=true, acceptSslCerts=true, locationContextEnabled=true, webStorageEnabled=true,
                        browserName=chrome, takesScreenshot=true, javascriptEnabled=true, cssSelectorsEnabled=true, unexpectedAlertBehaviour=}]
                        Session ID: becf5bd30e4b12805fa2f6563e08b03e
                        	at sun.reflect.NativeConstructorAccessorImpl.newInstance0(Native Method)
                        	at sun.reflect.NativeConstructorAccessorImpl.newInstance(Unknown Source)
                        	at sun.reflect.DelegatingConstructorAccessorImpl.newInstance(Unknown Source)
                        	at java.lang.reflect.Constructor.newInstance(Unknown Source)
                        	at org.openqa.selenium.remote.ErrorHandler.createThrowable(ErrorHandler.java:215)
                        	at org.openqa.selenium.remote.ErrorHandler.throwIfResponseFailed(ErrorHandler.java:167)
                        	at org.openqa.selenium.remote.RemoteWebDriver.execute(RemoteWebDriver.java:671)
                        	at org.openqa.selenium.remote.RemoteWebElement.execute(RemoteWebElement.java:272)
                        	at org.openqa.selenium.remote.RemoteWebElement.click(RemoteWebElement.java:82)
                        	at com.core.utils.BasePage.click(BasePage.java:221)
                        	at com.chedai.page.contractSignPage.signContractListPage(contractSignPage.java:60)
                        	at com.chedai.business.ContractSignBus.contractSignBus(ContractSignBus.java:16)
                        	at com.chedai.test.ContractSignTest.ContractSign(ContractSignTest.java:18)
                        	at sun.reflect.NativeMethodAccessorImpl.invoke0(Native Method)
                        	at sun.reflect.NativeMethodAccessorImpl.invoke(Unknown Source)
                        	at sun.reflect.DelegatingMethodAccessorImpl.invoke(Unknown Source)
                        	at java.lang.reflect.Method.invoke(Unknown Source)
                        	at org.testng.internal.MethodInvocationHelper.invokeMethod(MethodInvocationHelper.java:104)
                        	at org.testng.internal.Invoker.invokeMethod(Invoker.java:645)
                        	at org.testng.internal.Invoker.invokeTestMethod(Invoker.java:851)
                        	at org.testng.internal.Invoker.invokeTestMethods(Invoker.java:1177)
                        	at org.testng.internal.TestMethodWorker.invokeTestMethods(TestMethodWorker.java:129)
                        	at org.testng.internal.TestMethodWorker.run(TestMethodWorker.java:112)
                        	at java.util.concurrent.ThreadPoolExecutor.runWorker(Unknown Source)
                        	at java.util.concurrent.ThreadPoolExecutor$Worker.run(Unknown Source)
                        	at java.lang.Thread.run(Unknown Source)
                     </pre>
                  </div>
               </td>
            </tr>
            <tr id="com.chedai.test.ContractSignTest_logouttest_byStatus_failed_FAIL2_row"
                class="testMethodStatusFAIL testMethodStatusCONF">
               <td width="100%" class="firstMethodCell">
                  <a onclick="toggleDetailsVisibility('com.chedai.test.ContractSignTest_logouttest_byStatus_failed_FAIL2_details')">logouttest()</a>
               </td>
               <td nowrap="true">17:23:51</td>
               <td nowrap="true" align="right">0 ms
                  
               </td>
               <td nowrap="true">
                  <a onclick="toggleDetailsVisibility('com.chedai.test.ContractSignTest_logouttest_byStatus_failed_FAIL2_exception')">org.openqa.selenium.WebDriverException: 
                     unknown error: Element &lt;a href="#" class="dropdown-toggle" data-toggle="dropdown"&gt;...&lt;/a&gt; is not clickable at point (1847,
                     40). Other element would receive the click: &lt;div class="window-mask" style="width: 1920px; height: 934px; display: block;
                     z-index: 9000;"&gt;&lt;/div&gt;
                     (Session info: chrome=60.0.3112.113)
                     (Driver info: chromedriver=2.28.455520 (cc17746adff54984afff480136733114c6b3704b),platform=Windows NT 6.1.7601 SP1 x86_64)
                     (WARNING: The server did not provide any stacktrace information)
                     Command duration or timeout: 63 milliseconds
                     Build info: version: '3.4.0', revision: 'unknown', time: 'unknown'
                     System info: host: 'EIT-20170712IIN', ip: '172.20.8.159', os.name: 'Windows 7', os.arch: 'amd64', os.version: '6.1', java.version:
                     '1.8.0_144'
                     Driver info: org.openqa.selenium.chrome.ChromeDriver
                     Capabilities [{applicationCacheEnabled=false, rotatable=false, mobileEmulationEnabled=false, networkConnectionEnabled=false,
                     chrome={chromedriverVersion=2.28.455520 (cc17746adff54984afff480136733114c6b3704b), userDataDir=C:\Users\ADMINI~1.EIT\AppData\Local\Temp\scoped_dir6944_27902},
                     takesHeapSnapshot=true, pageLoadStrategy=normal, databaseEnabled=false, handlesAlerts=true, hasTouchScreen=false, version=60.0.3112.113,
                     platform=XP, browserConnectionEnabled=false, nativeEvents=true, acceptSslCerts=true, locationContextEnabled=true, webStorageEnabled=true,
                     browserName=chrome, takesScreenshot=true, javascriptEnabled=true, cssSelectorsEnabled=true, unexpectedAlertBehaviour=}]
                     Session ID: becf5bd30e4b12805fa2f6563e08b03e
                     
                  </a>
                   
                  
               </td>
            </tr>
            <tr>
               <td colspan="4" class="detailsBox">
                  <div id="com.chedai.test.ContractSignTest_logouttest_byStatus_failed_FAIL2_details"
                       class="testMethodDetails">
                     <div>
                        <b>Name: </b>logouttest
                     </div>
                     <div>
                        <b>Signature: </b>logouttest()[pri:0, instance:com.chedai.test.ContractSignTest@23e028a9]
                     </div>
                     <div>
                        <b>Start time: </b>17:23:51
                     </div>
                     <div>
                        <b>End time: </b>17:23:51
                     </div>
                     <div>
                        <b>Duration: </b>0 ms
                        
                     </div>
                  </div>
               </td>
            </tr>
            <tr>
               <td colspan="4" class="detailsBox">
                  <div id="com.chedai.test.ContractSignTest_logouttest_byStatus_failed_FAIL2_exception"
                       class="testMethodDetails">
                     <pre style="padding: 5px; margin: 0;">org.openqa.selenium.WebDriverException: unknown error: Element &lt;a href="#" class="dropdown-toggle" data-toggle="dropdown"&gt;...&lt;/a&gt;
                        is not clickable at point (1847, 40). Other element would receive the click: &lt;div class="window-mask" style="width: 1920px;
                        height: 934px; display: block; z-index: 9000;"&gt;&lt;/div&gt;
                        (Session info: chrome=60.0.3112.113)
                        (Driver info: chromedriver=2.28.455520 (cc17746adff54984afff480136733114c6b3704b),platform=Windows NT 6.1.7601 SP1 x86_64)
                        (WARNING: The server did not provide any stacktrace information)
                        Command duration or timeout: 63 milliseconds
                        Build info: version: '3.4.0', revision: 'unknown', time: 'unknown'
                        System info: host: 'EIT-20170712IIN', ip: '172.20.8.159', os.name: 'Windows 7', os.arch: 'amd64', os.version: '6.1', java.version:
                        '1.8.0_144'
                        Driver info: org.openqa.selenium.chrome.ChromeDriver
                        Capabilities [{applicationCacheEnabled=false, rotatable=false, mobileEmulationEnabled=false, networkConnectionEnabled=false,
                        chrome={chromedriverVersion=2.28.455520 (cc17746adff54984afff480136733114c6b3704b), userDataDir=C:\Users\ADMINI~1.EIT\AppData\Local\Temp\scoped_dir6944_27902},
                        takesHeapSnapshot=true, pageLoadStrategy=normal, databaseEnabled=false, handlesAlerts=true, hasTouchScreen=false, version=60.0.3112.113,
                        platform=XP, browserConnectionEnabled=false, nativeEvents=true, acceptSslCerts=true, locationContextEnabled=true, webStorageEnabled=true,
                        browserName=chrome, takesScreenshot=true, javascriptEnabled=true, cssSelectorsEnabled=true, unexpectedAlertBehaviour=}]
                        Session ID: becf5bd30e4b12805fa2f6563e08b03e
                        	at sun.reflect.NativeConstructorAccessorImpl.newInstance0(Native Method)
                        	at sun.reflect.NativeConstructorAccessorImpl.newInstance(Unknown Source)
                        	at sun.reflect.DelegatingConstructorAccessorImpl.newInstance(Unknown Source)
                        	at java.lang.reflect.Constructor.newInstance(Unknown Source)
                        	at org.openqa.selenium.remote.ErrorHandler.createThrowable(ErrorHandler.java:215)
                        	at org.openqa.selenium.remote.ErrorHandler.throwIfResponseFailed(ErrorHandler.java:167)
                        	at org.openqa.selenium.remote.RemoteWebDriver.execute(RemoteWebDriver.java:671)
                        	at org.openqa.selenium.remote.RemoteWebElement.execute(RemoteWebElement.java:272)
                        	at org.openqa.selenium.remote.RemoteWebElement.click(RemoteWebElement.java:82)
                        	at com.core.utils.BasePage.click(BasePage.java:221)
                        	at com.chedai.page.NewPackPage.logout(NewPackPage.java:145)
                        	at com.chedai.business.NewPackBus.logoutbus(NewPackBus.java:54)
                        	at com.chedai.test.InitTest.logouttest(InitTest.java:62)
                        	at sun.reflect.NativeMethodAccessorImpl.invoke0(Native Method)
                        	at sun.reflect.NativeMethodAccessorImpl.invoke(Unknown Source)
                        	at sun.reflect.DelegatingMethodAccessorImpl.invoke(Unknown Source)
                        	at java.lang.reflect.Method.invoke(Unknown Source)
                        	at org.testng.internal.MethodInvocationHelper.invokeMethod(MethodInvocationHelper.java:104)
                        	at org.testng.internal.Invoker.invokeConfigurationMethod(Invoker.java:515)
                        	at org.testng.internal.Invoker.invokeConfigurations(Invoker.java:217)
                        	at org.testng.internal.Invoker.invokeConfigurations(Invoker.java:144)
                        	at org.testng.internal.TestMethodWorker.invokeAfterClassMethods(TestMethodWorker.java:217)
                        	at org.testng.internal.TestMethodWorker.run(TestMethodWorker.java:115)
                        	at java.util.concurrent.ThreadPoolExecutor.runWorker(Unknown Source)
                        	at java.util.concurrent.ThreadPoolExecutor$Worker.run(Unknown Source)
                        	at java.lang.Thread.run(Unknown Source)
                     </pre>
                  </div>
               </td>
            </tr>
            <tr id="com.chedai.test.CreditEvaluation_AdminLoginTest_byStatus_passed_PASS1_row"
                class="testMethodStatusPASS testMethodStatusCONF">
               <td width="100%" class="firstMethodCell">
                  <a onclick="toggleDetailsVisibility('com.chedai.test.CreditEvaluation_AdminLoginTest_byStatus_passed_PASS1_details')">AdminLoginTest()</a>
               </td>
               <td nowrap="true">17:21:29</td>
               <td nowrap="true" align="right">589 ms
                  
               </td>
               <td nowrap="true">
                   
                  
               </td>
            </tr>
            <tr>
               <td colspan="4" class="detailsBox">
                  <div id="com.chedai.test.CreditEvaluation_AdminLoginTest_byStatus_passed_PASS1_details"
                       class="testMethodDetails">
                     <div>
                        <b>Name: </b>AdminLoginTest
                     </div>
                     <div>
                        <b>Signature: </b>AdminLoginTest()[pri:0, instance:com.chedai.test.CreditEvaluation@6e0e048a]
                     </div>
                     <div>
                        <b>Start time: </b>17:21:29
                     </div>
                     <div>
                        <b>End time: </b>17:21:30
                     </div>
                     <div>
                        <b>Duration: </b>589 ms
                        
                     </div>
                  </div>
               </td>
            </tr>
            <tr></tr>
            <tr id="com.chedai.test.CreditEvaluation_newCredit_byStatus_passed_PASS2_row"
                class="testMethodStatusPASS">
               <td width="100%" class="firstMethodCell">
                  <a onclick="toggleDetailsVisibility('com.chedai.test.CreditEvaluation_newCredit_byStatus_passed_PASS2_details')">newCredit()</a>
               </td>
               <td nowrap="true">17:21:30</td>
               <td nowrap="true" align="right">26s
                  
               </td>
               <td nowrap="true">
                   
                  
               </td>
            </tr>
            <tr>
               <td colspan="4" class="detailsBox">
                  <div id="com.chedai.test.CreditEvaluation_newCredit_byStatus_passed_PASS2_details"
                       class="testMethodDetails">
                     <div>
                        <b>Name: </b>newCredit
                     </div>
                     <div>
                        <b>Signature: </b>newCredit()[pri:2, instance:com.chedai.test.CreditEvaluation@6e0e048a]
                     </div>
                     <div>
                        <b>Start time: </b>17:21:30
                     </div>
                     <div>
                        <b>End time: </b>17:21:56
                     </div>
                     <div>
                        <b>Duration: </b>26s
                        
                     </div>
                  </div>
               </td>
            </tr>
            <tr></tr>
            <tr id="com.chedai.test.CreditEvaluation_newEvaluation_byStatus_passed_PASS3_row"
                class="testMethodStatusPASS">
               <td width="100%" class="firstMethodCell">
                  <a onclick="toggleDetailsVisibility('com.chedai.test.CreditEvaluation_newEvaluation_byStatus_passed_PASS3_details')">newEvaluation()</a>
               </td>
               <td nowrap="true">17:21:56</td>
               <td nowrap="true" align="right">18s
                  
               </td>
               <td nowrap="true">
                   
                  
               </td>
            </tr>
            <tr>
               <td colspan="4" class="detailsBox">
                  <div id="com.chedai.test.CreditEvaluation_newEvaluation_byStatus_passed_PASS3_details"
                       class="testMethodDetails">
                     <div>
                        <b>Name: </b>newEvaluation
                     </div>
                     <div>
                        <b>Signature: </b>newEvaluation()[pri:3, instance:com.chedai.test.CreditEvaluation@6e0e048a]
                     </div>
                     <div>
                        <b>Start time: </b>17:21:56
                     </div>
                     <div>
                        <b>End time: </b>17:22:14
                     </div>
                     <div>
                        <b>Duration: </b>18s
                        
                     </div>
                  </div>
               </td>
            </tr>
            <tr></tr>
            <tr id="com.chedai.test.CreditEvaluation_logouttest_byStatus_passed_PASS4_row"
                class="testMethodStatusPASS testMethodStatusCONF">
               <td width="100%" class="firstMethodCell">
                  <a onclick="toggleDetailsVisibility('com.chedai.test.CreditEvaluation_logouttest_byStatus_passed_PASS4_details')">logouttest()</a>
               </td>
               <td nowrap="true">17:22:14</td>
               <td nowrap="true" align="right">187 ms
                  
               </td>
               <td nowrap="true">
                   
                  
               </td>
            </tr>
            <tr>
               <td colspan="4" class="detailsBox">
                  <div id="com.chedai.test.CreditEvaluation_logouttest_byStatus_passed_PASS4_details"
                       class="testMethodDetails">
                     <div>
                        <b>Name: </b>logouttest
                     </div>
                     <div>
                        <b>Signature: </b>logouttest()[pri:0, instance:com.chedai.test.CreditEvaluation@6e0e048a]
                     </div>
                     <div>
                        <b>Start time: </b>17:22:14
                     </div>
                     <div>
                        <b>End time: </b>17:22:14
                     </div>
                     <div>
                        <b>Duration: </b>187 ms
                        
                     </div>
                  </div>
               </td>
            </tr>
            <tr></tr>
            <tr id="com.chedai.test.ReportTheContract_AdminLoginTest_byStatus_passed_PASS5_row"
                class="testMethodStatusPASS testMethodStatusCONF">
               <td width="100%" class="firstMethodCell">
                  <a onclick="toggleDetailsVisibility('com.chedai.test.ReportTheContract_AdminLoginTest_byStatus_passed_PASS5_details')">AdminLoginTest()</a>
               </td>
               <td nowrap="true">17:23:08</td>
               <td nowrap="true" align="right">603 ms
                  
               </td>
               <td nowrap="true">
                   
                  
               </td>
            </tr>
            <tr>
               <td colspan="4" class="detailsBox">
                  <div id="com.chedai.test.ReportTheContract_AdminLoginTest_byStatus_passed_PASS5_details"
                       class="testMethodDetails">
                     <div>
                        <b>Name: </b>AdminLoginTest
                     </div>
                     <div>
                        <b>Signature: </b>AdminLoginTest()[pri:0, instance:com.chedai.test.ReportTheContract@47ef968d]
                     </div>
                     <div>
                        <b>Start time: </b>17:23:08
                     </div>
                     <div>
                        <b>End time: </b>17:23:09
                     </div>
                     <div>
                        <b>Duration: </b>603 ms
                        
                     </div>
                  </div>
               </td>
            </tr>
            <tr></tr>
            <tr id="com.chedai.test.ReportTheContract_AgreeReview_byStatus_passed_PASS6_row"
                class="testMethodStatusPASS">
               <td width="100%" class="firstMethodCell">
                  <a onclick="toggleDetailsVisibility('com.chedai.test.ReportTheContract_AgreeReview_byStatus_passed_PASS6_details')">AgreeReview()</a>
               </td>
               <td nowrap="true">17:23:09</td>
               <td nowrap="true" align="right">3s
                  
               </td>
               <td nowrap="true">
                   
                  
               </td>
            </tr>
            <tr>
               <td colspan="4" class="detailsBox">
                  <div id="com.chedai.test.ReportTheContract_AgreeReview_byStatus_passed_PASS6_details"
                       class="testMethodDetails">
                     <div>
                        <b>Name: </b>AgreeReview
                     </div>
                     <div>
                        <b>Signature: </b>AgreeReview()[pri:8, instance:com.chedai.test.ReportTheContract@47ef968d]
                     </div>
                     <div>
                        <b>Start time: </b>17:23:09
                     </div>
                     <div>
                        <b>End time: </b>17:23:12
                     </div>
                     <div>
                        <b>Duration: </b>3s
                        
                     </div>
                  </div>
               </td>
            </tr>
            <tr></tr>
            <tr id="com.chedai.test.ReportTheContract_SignContract_byStatus_passed_PASS7_row"
                class="testMethodStatusPASS">
               <td width="100%" class="firstMethodCell">
                  <a onclick="toggleDetailsVisibility('com.chedai.test.ReportTheContract_SignContract_byStatus_passed_PASS7_details')">SignContract()</a>
               </td>
               <td nowrap="true">17:23:12</td>
               <td nowrap="true" align="right">8s
                  
               </td>
               <td nowrap="true">
                   
                  
               </td>
            </tr>
            <tr>
               <td colspan="4" class="detailsBox">
                  <div id="com.chedai.test.ReportTheContract_SignContract_byStatus_passed_PASS7_details"
                       class="testMethodDetails">
                     <div>
                        <b>Name: </b>SignContract
                     </div>
                     <div>
                        <b>Signature: </b>SignContract()[pri:9, instance:com.chedai.test.ReportTheContract@47ef968d]
                     </div>
                     <div>
                        <b>Start time: </b>17:23:12
                     </div>
                     <div>
                        <b>End time: </b>17:23:21
                     </div>
                     <div>
                        <b>Duration: </b>8s
                        
                     </div>
                  </div>
               </td>
            </tr>
            <tr></tr>
            <tr id="com.chedai.test.ReportTheContract_logouttest_byStatus_passed_PASS8_row"
                class="testMethodStatusPASS testMethodStatusCONF">
               <td width="100%" class="firstMethodCell">
                  <a onclick="toggleDetailsVisibility('com.chedai.test.ReportTheContract_logouttest_byStatus_passed_PASS8_details')">logouttest()</a>
               </td>
               <td nowrap="true">17:23:21</td>
               <td nowrap="true" align="right">159 ms
                  
               </td>
               <td nowrap="true">
                   
                  
               </td>
            </tr>
            <tr>
               <td colspan="4" class="detailsBox">
                  <div id="com.chedai.test.ReportTheContract_logouttest_byStatus_passed_PASS8_details"
                       class="testMethodDetails">
                     <div>
                        <b>Name: </b>logouttest
                     </div>
                     <div>
                        <b>Signature: </b>logouttest()[pri:0, instance:com.chedai.test.ReportTheContract@47ef968d]
                     </div>
                     <div>
                        <b>Start time: </b>17:23:21
                     </div>
                     <div>
                        <b>End time: </b>17:23:21
                     </div>
                     <div>
                        <b>Duration: </b>159 ms
                        
                     </div>
                  </div>
               </td>
            </tr>
            <tr></tr>
            <tr id="com.chedai.test.NewPackTest_setUp_byStatus_passed_PASS9_row"
                class="testMethodStatusPASS testMethodStatusCONF">
               <td width="100%" class="firstMethodCell">
                  <a onclick="toggleDetailsVisibility('com.chedai.test.NewPackTest_setUp_byStatus_passed_PASS9_details')">setUp()</a>
               </td>
               <td nowrap="true">17:21:20</td>
               <td nowrap="true" align="right">2s
                  
               </td>
               <td nowrap="true">
                   
                  
               </td>
            </tr>
            <tr>
               <td colspan="4" class="detailsBox">
                  <div id="com.chedai.test.NewPackTest_setUp_byStatus_passed_PASS9_details"
                       class="testMethodDetails">
                     <div>
                        <b>Name: </b>setUp
                     </div>
                     <div>
                        <b>Signature: </b>setUp()[pri:0, instance:com.chedai.test.NewPackTest@5b87ed94]
                     </div>
                     <div>
                        <b>Start time: </b>17:21:20
                     </div>
                     <div>
                        <b>End time: </b>17:21:22
                     </div>
                     <div>
                        <b>Duration: </b>2s
                        
                     </div>
                  </div>
               </td>
            </tr>
            <tr></tr>
            <tr id="com.chedai.test.NewPackTest_AdminLoginTest_byStatus_passed_PASS10_row"
                class="testMethodStatusPASS testMethodStatusCONF">
               <td width="100%" class="firstMethodCell">
                  <a onclick="toggleDetailsVisibility('com.chedai.test.NewPackTest_AdminLoginTest_byStatus_passed_PASS10_details')">AdminLoginTest()</a>
               </td>
               <td nowrap="true">17:21:22</td>
               <td nowrap="true" align="right">840 ms
                  
               </td>
               <td nowrap="true">
                   
                  
               </td>
            </tr>
            <tr>
               <td colspan="4" class="detailsBox">
                  <div id="com.chedai.test.NewPackTest_AdminLoginTest_byStatus_passed_PASS10_details"
                       class="testMethodDetails">
                     <div>
                        <b>Name: </b>AdminLoginTest
                     </div>
                     <div>
                        <b>Signature: </b>AdminLoginTest()[pri:0, instance:com.chedai.test.NewPackTest@5b87ed94]
                     </div>
                     <div>
                        <b>Start time: </b>17:21:22
                     </div>
                     <div>
                        <b>End time: </b>17:21:23
                     </div>
                     <div>
                        <b>Duration: </b>840 ms
                        
                     </div>
                  </div>
               </td>
            </tr>
            <tr></tr>
            <tr id="com.chedai.test.NewPackTest_LoginTest_byStatus_passed_PASS11_row"
                class="testMethodStatusPASS">
               <td width="100%" class="firstMethodCell">
                  <a onclick="toggleDetailsVisibility('com.chedai.test.NewPackTest_LoginTest_byStatus_passed_PASS11_details')">LoginTest()</a>
               </td>
               <td nowrap="true">17:21:23</td>
               <td nowrap="true" align="right">753 ms
                  
               </td>
               <td nowrap="true">
                   
                  
               </td>
            </tr>
            <tr>
               <td colspan="4" class="detailsBox">
                  <div id="com.chedai.test.NewPackTest_LoginTest_byStatus_passed_PASS11_details"
                       class="testMethodDetails">
                     <div>
                        <b>Name: </b>LoginTest
                     </div>
                     <div>
                        <b>Signature: </b>LoginTest()[pri:0, instance:com.chedai.test.NewPackTest@5b87ed94]
                     </div>
                     <div>
                        <b>Start time: </b>17:21:23
                     </div>
                     <div>
                        <b>End time: </b>17:21:24
                     </div>
                     <div>
                        <b>Duration: </b>753 ms
                        
                     </div>
                  </div>
               </td>
            </tr>
            <tr></tr>
            <tr id="com.chedai.test.NewPackTest_newPack_byStatus_passed_PASS12_row"
                class="testMethodStatusPASS">
               <td width="100%" class="firstMethodCell">
                  <a onclick="toggleDetailsVisibility('com.chedai.test.NewPackTest_newPack_byStatus_passed_PASS12_details')">newPack()</a>
               </td>
               <td nowrap="true">17:21:24</td>
               <td nowrap="true" align="right">4s
                  
               </td>
               <td nowrap="true">
                   
                  
               </td>
            </tr>
            <tr>
               <td colspan="4" class="detailsBox">
                  <div id="com.chedai.test.NewPackTest_newPack_byStatus_passed_PASS12_details"
                       class="testMethodDetails">
                     <div>
                        <b>Name: </b>newPack
                     </div>
                     <div>
                        <b>Signature: </b>newPack()[pri:1, instance:com.chedai.test.NewPackTest@5b87ed94]
                     </div>
                     <div>
                        <b>Start time: </b>17:21:24
                     </div>
                     <div>
                        <b>End time: </b>17:21:29
                     </div>
                     <div>
                        <b>Duration: </b>4s
                        
                     </div>
                  </div>
               </td>
            </tr>
            <tr></tr>
            <tr id="com.chedai.test.NewPackTest_logouttest_byStatus_passed_PASS13_row"
                class="testMethodStatusPASS testMethodStatusCONF">
               <td width="100%" class="firstMethodCell">
                  <a onclick="toggleDetailsVisibility('com.chedai.test.NewPackTest_logouttest_byStatus_passed_PASS13_details')">logouttest()</a>
               </td>
               <td nowrap="true">17:21:29</td>
               <td nowrap="true" align="right">424 ms
                  
               </td>
               <td nowrap="true">
                   
                  
               </td>
            </tr>
            <tr>
               <td colspan="4" class="detailsBox">
                  <div id="com.chedai.test.NewPackTest_logouttest_byStatus_passed_PASS13_details"
                       class="testMethodDetails">
                     <div>
                        <b>Name: </b>logouttest
                     </div>
                     <div>
                        <b>Signature: </b>logouttest()[pri:0, instance:com.chedai.test.NewPackTest@5b87ed94]
                     </div>
                     <div>
                        <b>Start time: </b>17:21:29
                     </div>
                     <div>
                        <b>End time: </b>17:21:29
                     </div>
                     <div>
                        <b>Duration: </b>424 ms
                        
                     </div>
                  </div>
               </td>
            </tr>
            <tr></tr>
            <tr id="com.chedai.test.ContractSignTest_AdminLoginTest_byStatus_passed_PASS14_row"
                class="testMethodStatusPASS testMethodStatusCONF">
               <td width="100%" class="firstMethodCell">
                  <a onclick="toggleDetailsVisibility('com.chedai.test.ContractSignTest_AdminLoginTest_byStatus_passed_PASS14_details')">AdminLoginTest()</a>
               </td>
               <td nowrap="true">17:23:21</td>
               <td nowrap="true" align="right">1s
                  
               </td>
               <td nowrap="true">
                   
                  
               </td>
            </tr>
            <tr>
               <td colspan="4" class="detailsBox">
                  <div id="com.chedai.test.ContractSignTest_AdminLoginTest_byStatus_passed_PASS14_details"
                       class="testMethodDetails">
                     <div>
                        <b>Name: </b>AdminLoginTest
                     </div>
                     <div>
                        <b>Signature: </b>AdminLoginTest()[pri:0, instance:com.chedai.test.ContractSignTest@23e028a9]
                     </div>
                     <div>
                        <b>Start time: </b>17:23:21
                     </div>
                     <div>
                        <b>End time: </b>17:23:22
                     </div>
                     <div>
                        <b>Duration: </b>1s
                        
                     </div>
                  </div>
               </td>
            </tr>
            <tr></tr>
            <tr id="com.chedai.test.AuditTest_AdminLoginTest_byStatus_passed_PASS15_row"
                class="testMethodStatusPASS testMethodStatusCONF">
               <td width="100%" class="firstMethodCell">
                  <a onclick="toggleDetailsVisibility('com.chedai.test.AuditTest_AdminLoginTest_byStatus_passed_PASS15_details')">AdminLoginTest()</a>
               </td>
               <td nowrap="true">17:22:14</td>
               <td nowrap="true" align="right">650 ms
                  
               </td>
               <td nowrap="true">
                   
                  
               </td>
            </tr>
            <tr>
               <td colspan="4" class="detailsBox">
                  <div id="com.chedai.test.AuditTest_AdminLoginTest_byStatus_passed_PASS15_details"
                       class="testMethodDetails">
                     <div>
                        <b>Name: </b>AdminLoginTest
                     </div>
                     <div>
                        <b>Signature: </b>AdminLoginTest()[pri:0, instance:com.chedai.test.AuditTest@5bc79255]
                     </div>
                     <div>
                        <b>Start time: </b>17:22:14
                     </div>
                     <div>
                        <b>End time: </b>17:22:15
                     </div>
                     <div>
                        <b>Duration: </b>650 ms
                        
                     </div>
                  </div>
               </td>
            </tr>
            <tr></tr>
            <tr id="com.chedai.test.AuditTest_qualityAuditTest_byStatus_passed_PASS16_row"
                class="testMethodStatusPASS">
               <td width="100%" class="firstMethodCell">
                  <a onclick="toggleDetailsVisibility('com.chedai.test.AuditTest_qualityAuditTest_byStatus_passed_PASS16_details')">qualityAuditTest()</a>
               </td>
               <td nowrap="true">17:22:15</td>
               <td nowrap="true" align="right">13s
                  
               </td>
               <td nowrap="true">
                   
                  
               </td>
            </tr>
            <tr>
               <td colspan="4" class="detailsBox">
                  <div id="com.chedai.test.AuditTest_qualityAuditTest_byStatus_passed_PASS16_details"
                       class="testMethodDetails">
                     <div>
                        <b>Name: </b>qualityAuditTest
                     </div>
                     <div>
                        <b>Signature: </b>qualityAuditTest()[pri:4, instance:com.chedai.test.AuditTest@5bc79255]
                     </div>
                     <div>
                        <b>Start time: </b>17:22:15
                     </div>
                     <div>
                        <b>End time: </b>17:22:28
                     </div>
                     <div>
                        <b>Duration: </b>13s
                        
                     </div>
                  </div>
               </td>
            </tr>
            <tr></tr>
            <tr id="com.chedai.test.AuditTest_PreliminaryAuditTest_byStatus_passed_PASS17_row"
                class="testMethodStatusPASS">
               <td width="100%" class="firstMethodCell">
                  <a onclick="toggleDetailsVisibility('com.chedai.test.AuditTest_PreliminaryAuditTest_byStatus_passed_PASS17_details')">PreliminaryAuditTest()</a>
               </td>
               <td nowrap="true">17:22:28</td>
               <td nowrap="true" align="right">12s
                  
               </td>
               <td nowrap="true">
                   
                  
               </td>
            </tr>
            <tr>
               <td colspan="4" class="detailsBox">
                  <div id="com.chedai.test.AuditTest_PreliminaryAuditTest_byStatus_passed_PASS17_details"
                       class="testMethodDetails">
                     <div>
                        <b>Name: </b>PreliminaryAuditTest
                     </div>
                     <div>
                        <b>Signature: </b>PreliminaryAuditTest()[pri:5, instance:com.chedai.test.AuditTest@5bc79255]
                     </div>
                     <div>
                        <b>Start time: </b>17:22:28
                     </div>
                     <div>
                        <b>End time: </b>17:22:41
                     </div>
                     <div>
                        <b>Duration: </b>12s
                        
                     </div>
                  </div>
               </td>
            </tr>
            <tr></tr>
            <tr id="com.chedai.test.AuditTest_FinalAuditTest_byStatus_passed_PASS18_row"
                class="testMethodStatusPASS">
               <td width="100%" class="firstMethodCell">
                  <a onclick="toggleDetailsVisibility('com.chedai.test.AuditTest_FinalAuditTest_byStatus_passed_PASS18_details')">FinalAuditTest()</a>
               </td>
               <td nowrap="true">17:22:41</td>
               <td nowrap="true" align="right">13s
                  
               </td>
               <td nowrap="true">
                   
                  
               </td>
            </tr>
            <tr>
               <td colspan="4" class="detailsBox">
                  <div id="com.chedai.test.AuditTest_FinalAuditTest_byStatus_passed_PASS18_details"
                       class="testMethodDetails">
                     <div>
                        <b>Name: </b>FinalAuditTest
                     </div>
                     <div>
                        <b>Signature: </b>FinalAuditTest()[pri:6, instance:com.chedai.test.AuditTest@5bc79255]
                     </div>
                     <div>
                        <b>Start time: </b>17:22:41
                     </div>
                     <div>
                        <b>End time: </b>17:22:54
                     </div>
                     <div>
                        <b>Duration: </b>13s
                        
                     </div>
                  </div>
               </td>
            </tr>
            <tr></tr>
            <tr id="com.chedai.test.AuditTest_assessAuditTest_byStatus_passed_PASS19_row"
                class="testMethodStatusPASS">
               <td width="100%" class="firstMethodCell">
                  <a onclick="toggleDetailsVisibility('com.chedai.test.AuditTest_assessAuditTest_byStatus_passed_PASS19_details')">assessAuditTest()</a>
               </td>
               <td nowrap="true">17:22:54</td>
               <td nowrap="true" align="right">14s
                  
               </td>
               <td nowrap="true">
                   
                  
               </td>
            </tr>
            <tr>
               <td colspan="4" class="detailsBox">
                  <div id="com.chedai.test.AuditTest_assessAuditTest_byStatus_passed_PASS19_details"
                       class="testMethodDetails">
                     <div>
                        <b>Name: </b>assessAuditTest
                     </div>
                     <div>
                        <b>Signature: </b>assessAuditTest()[pri:7, instance:com.chedai.test.AuditTest@5bc79255]
                     </div>
                     <div>
                        <b>Start time: </b>17:22:54
                     </div>
                     <div>
                        <b>End time: </b>17:23:08
                     </div>
                     <div>
                        <b>Duration: </b>14s
                        
                     </div>
                  </div>
               </td>
            </tr>
            <tr></tr>
            <tr id="com.chedai.test.AuditTest_logouttest_byStatus_passed_PASS20_row"
                class="testMethodStatusPASS testMethodStatusCONF">
               <td width="100%" class="firstMethodCell">
                  <a onclick="toggleDetailsVisibility('com.chedai.test.AuditTest_logouttest_byStatus_passed_PASS20_details')">logouttest()</a>
               </td>
               <td nowrap="true">17:23:08</td>
               <td nowrap="true" align="right">163 ms
                  
               </td>
               <td nowrap="true">
                   
                  
               </td>
            </tr>
            <tr>
               <td colspan="4" class="detailsBox">
                  <div id="com.chedai.test.AuditTest_logouttest_byStatus_passed_PASS20_details"
                       class="testMethodDetails">
                     <div>
                        <b>Name: </b>logouttest
                     </div>
                     <div>
                        <b>Signature: </b>logouttest()[pri:0, instance:com.chedai.test.AuditTest@5bc79255]
                     </div>
                     <div>
                        <b>Start time: </b>17:23:08
                     </div>
                     <div>
                        <b>End time: </b>17:23:08
                     </div>
                     <div>
                        <b>Duration: </b>163 ms
                        
                     </div>
                  </div>
               </td>
            </tr>
            <tr></tr>
            <tr id="com.chedai.test.LoanTest_sendApplicationTest_byStatus_skiped_SKIP1_row"
                class="testMethodStatusSKIP">
               <td width="100%" class="firstMethodCell">
                  <a onclick="toggleDetailsVisibility('com.chedai.test.LoanTest_sendApplicationTest_byStatus_skiped_SKIP1_details')">sendApplicationTest()</a>
               </td>
               <td nowrap="true">17:23:51</td>
               <td nowrap="true" align="right">1 ms
                  
               </td>
               <td nowrap="true">
                  <a onclick="toggleDetailsVisibility('com.chedai.test.LoanTest_sendApplicationTest_byStatus_skiped_SKIP1_exception')">org.openqa.selenium.WebDriverException: 
                     unknown error: Element &lt;a href="#" class="dropdown-toggle" data-toggle="dropdown"&gt;...&lt;/a&gt; is not clickable at point (1847,
                     40). Other element would receive the click: &lt;div class="window-mask" style="width: 1920px; height: 934px; display: block;
                     z-index: 9000;"&gt;&lt;/div&gt;
                     (Session info: chrome=60.0.3112.113)
                     (Driver info: chromedriver=2.28.455520 (cc17746adff54984afff480136733114c6b3704b),platform=Windows NT 6.1.7601 SP1 x86_64)
                     (WARNING: The server did not provide any stacktrace information)
                     Command duration or timeout: 63 milliseconds
                     Build info: version: '3.4.0', revision: 'unknown', time: 'unknown'
                     System info: host: 'EIT-20170712IIN', ip: '172.20.8.159', os.name: 'Windows 7', os.arch: 'amd64', os.version: '6.1', java.version:
                     '1.8.0_144'
                     Driver info: org.openqa.selenium.chrome.ChromeDriver
                     Capabilities [{applicationCacheEnabled=false, rotatable=false, mobileEmulationEnabled=false, networkConnectionEnabled=false,
                     chrome={chromedriverVersion=2.28.455520 (cc17746adff54984afff480136733114c6b3704b), userDataDir=C:\Users\ADMINI~1.EIT\AppData\Local\Temp\scoped_dir6944_27902},
                     takesHeapSnapshot=true, pageLoadStrategy=normal, databaseEnabled=false, handlesAlerts=true, hasTouchScreen=false, version=60.0.3112.113,
                     platform=XP, browserConnectionEnabled=false, nativeEvents=true, acceptSslCerts=true, locationContextEnabled=true, webStorageEnabled=true,
                     browserName=chrome, takesScreenshot=true, javascriptEnabled=true, cssSelectorsEnabled=true, unexpectedAlertBehaviour=}]
                     Session ID: becf5bd30e4b12805fa2f6563e08b03e
                     
                  </a>
                   
                  
               </td>
            </tr>
            <tr>
               <td colspan="4" class="detailsBox">
                  <div id="com.chedai.test.LoanTest_sendApplicationTest_byStatus_skiped_SKIP1_details"
                       class="testMethodDetails">
                     <div>
                        <b>Name: </b>sendApplicationTest
                     </div>
                     <div>
                        <b>Signature: </b>sendApplicationTest()[pri:12, instance:com.chedai.test.LoanTest@5ae63ade]
                     </div>
                     <div>
                        <b>Start time: </b>17:23:51
                     </div>
                     <div>
                        <b>End time: </b>17:23:51
                     </div>
                     <div>
                        <b>Duration: </b>1 ms
                        
                     </div>
                  </div>
               </td>
            </tr>
            <tr>
               <td colspan="4" class="detailsBox">
                  <div id="com.chedai.test.LoanTest_sendApplicationTest_byStatus_skiped_SKIP1_exception"
                       class="testMethodDetails">
                     <pre style="padding: 5px; margin: 0;">org.openqa.selenium.WebDriverException: unknown error: Element &lt;a href="#" class="dropdown-toggle" data-toggle="dropdown"&gt;...&lt;/a&gt;
                        is not clickable at point (1847, 40). Other element would receive the click: &lt;div class="window-mask" style="width: 1920px;
                        height: 934px; display: block; z-index: 9000;"&gt;&lt;/div&gt;
                        (Session info: chrome=60.0.3112.113)
                        (Driver info: chromedriver=2.28.455520 (cc17746adff54984afff480136733114c6b3704b),platform=Windows NT 6.1.7601 SP1 x86_64)
                        (WARNING: The server did not provide any stacktrace information)
                        Command duration or timeout: 63 milliseconds
                        Build info: version: '3.4.0', revision: 'unknown', time: 'unknown'
                        System info: host: 'EIT-20170712IIN', ip: '172.20.8.159', os.name: 'Windows 7', os.arch: 'amd64', os.version: '6.1', java.version:
                        '1.8.0_144'
                        Driver info: org.openqa.selenium.chrome.ChromeDriver
                        Capabilities [{applicationCacheEnabled=false, rotatable=false, mobileEmulationEnabled=false, networkConnectionEnabled=false,
                        chrome={chromedriverVersion=2.28.455520 (cc17746adff54984afff480136733114c6b3704b), userDataDir=C:\Users\ADMINI~1.EIT\AppData\Local\Temp\scoped_dir6944_27902},
                        takesHeapSnapshot=true, pageLoadStrategy=normal, databaseEnabled=false, handlesAlerts=true, hasTouchScreen=false, version=60.0.3112.113,
                        platform=XP, browserConnectionEnabled=false, nativeEvents=true, acceptSslCerts=true, locationContextEnabled=true, webStorageEnabled=true,
                        browserName=chrome, takesScreenshot=true, javascriptEnabled=true, cssSelectorsEnabled=true, unexpectedAlertBehaviour=}]
                        Session ID: becf5bd30e4b12805fa2f6563e08b03e
                        	at sun.reflect.NativeConstructorAccessorImpl.newInstance0(Native Method)
                        	at sun.reflect.NativeConstructorAccessorImpl.newInstance(Unknown Source)
                        	at sun.reflect.DelegatingConstructorAccessorImpl.newInstance(Unknown Source)
                        	at java.lang.reflect.Constructor.newInstance(Unknown Source)
                        	at org.openqa.selenium.remote.ErrorHandler.createThrowable(ErrorHandler.java:215)
                        	at org.openqa.selenium.remote.ErrorHandler.throwIfResponseFailed(ErrorHandler.java:167)
                        	at org.openqa.selenium.remote.RemoteWebDriver.execute(RemoteWebDriver.java:671)
                        	at org.openqa.selenium.remote.RemoteWebElement.execute(RemoteWebElement.java:272)
                        	at org.openqa.selenium.remote.RemoteWebElement.click(RemoteWebElement.java:82)
                        	at com.core.utils.BasePage.click(BasePage.java:221)
                        	at com.chedai.page.NewPackPage.logout(NewPackPage.java:145)
                        	at com.chedai.business.NewPackBus.logoutbus(NewPackBus.java:54)
                        	at com.chedai.test.InitTest.logouttest(InitTest.java:62)
                        	at sun.reflect.NativeMethodAccessorImpl.invoke0(Native Method)
                        	at sun.reflect.NativeMethodAccessorImpl.invoke(Unknown Source)
                        	at sun.reflect.DelegatingMethodAccessorImpl.invoke(Unknown Source)
                        	at java.lang.reflect.Method.invoke(Unknown Source)
                        	at org.testng.internal.MethodInvocationHelper.invokeMethod(MethodInvocationHelper.java:104)
                        	at org.testng.internal.Invoker.invokeConfigurationMethod(Invoker.java:515)
                        	at org.testng.internal.Invoker.invokeConfigurations(Invoker.java:217)
                        	at org.testng.internal.Invoker.invokeConfigurations(Invoker.java:144)
                        	at org.testng.internal.TestMethodWorker.invokeAfterClassMethods(TestMethodWorker.java:217)
                        	at org.testng.internal.TestMethodWorker.run(TestMethodWorker.java:115)
                        	at java.util.concurrent.ThreadPoolExecutor.runWorker(Unknown Source)
                        	at java.util.concurrent.ThreadPoolExecutor$Worker.run(Unknown Source)
                        	at java.lang.Thread.run(Unknown Source)
                     </pre>
                  </div>
               </td>
            </tr>
            <tr id="com.chedai.test.LoanTest_AdminLoginTest_byStatus_skiped_SKIP2_row"
                class="testMethodStatusSKIP testMethodStatusCONF">
               <td width="100%" class="firstMethodCell">
                  <a onclick="toggleDetailsVisibility('com.chedai.test.LoanTest_AdminLoginTest_byStatus_skiped_SKIP2_details')">AdminLoginTest()</a>
               </td>
               <td nowrap="true">17:23:51</td>
               <td nowrap="true" align="right">0 ms
                  
               </td>
               <td nowrap="true">
                   
                  
               </td>
            </tr>
            <tr>
               <td colspan="4" class="detailsBox">
                  <div id="com.chedai.test.LoanTest_AdminLoginTest_byStatus_skiped_SKIP2_details"
                       class="testMethodDetails">
                     <div>
                        <b>Name: </b>AdminLoginTest
                     </div>
                     <div>
                        <b>Signature: </b>AdminLoginTest()[pri:0, instance:com.chedai.test.LoanTest@5ae63ade]
                     </div>
                     <div>
                        <b>Start time: </b>17:23:51
                     </div>
                     <div>
                        <b>End time: </b>17:23:51
                     </div>
                     <div>
                        <b>Duration: </b>0 ms
                        
                     </div>
                  </div>
               </td>
            </tr>
            <tr></tr>
            <tr id="com.chedai.test.LoanTest_SendTenderAuditTest_byStatus_skiped_SKIP3_row"
                class="testMethodStatusSKIP">
               <td width="100%" class="firstMethodCell">
                  <a onclick="toggleDetailsVisibility('com.chedai.test.LoanTest_SendTenderAuditTest_byStatus_skiped_SKIP3_details')">SendTenderAuditTest()</a>
               </td>
               <td nowrap="true">17:23:51</td>
               <td nowrap="true" align="right">1 ms
                  
               </td>
               <td nowrap="true">
                  <a onclick="toggleDetailsVisibility('com.chedai.test.LoanTest_SendTenderAuditTest_byStatus_skiped_SKIP3_exception')">org.openqa.selenium.WebDriverException: 
                     unknown error: Element &lt;a href="#" class="dropdown-toggle" data-toggle="dropdown"&gt;...&lt;/a&gt; is not clickable at point (1847,
                     40). Other element would receive the click: &lt;div class="window-mask" style="width: 1920px; height: 934px; display: block;
                     z-index: 9000;"&gt;&lt;/div&gt;
                     (Session info: chrome=60.0.3112.113)
                     (Driver info: chromedriver=2.28.455520 (cc17746adff54984afff480136733114c6b3704b),platform=Windows NT 6.1.7601 SP1 x86_64)
                     (WARNING: The server did not provide any stacktrace information)
                     Command duration or timeout: 63 milliseconds
                     Build info: version: '3.4.0', revision: 'unknown', time: 'unknown'
                     System info: host: 'EIT-20170712IIN', ip: '172.20.8.159', os.name: 'Windows 7', os.arch: 'amd64', os.version: '6.1', java.version:
                     '1.8.0_144'
                     Driver info: org.openqa.selenium.chrome.ChromeDriver
                     Capabilities [{applicationCacheEnabled=false, rotatable=false, mobileEmulationEnabled=false, networkConnectionEnabled=false,
                     chrome={chromedriverVersion=2.28.455520 (cc17746adff54984afff480136733114c6b3704b), userDataDir=C:\Users\ADMINI~1.EIT\AppData\Local\Temp\scoped_dir6944_27902},
                     takesHeapSnapshot=true, pageLoadStrategy=normal, databaseEnabled=false, handlesAlerts=true, hasTouchScreen=false, version=60.0.3112.113,
                     platform=XP, browserConnectionEnabled=false, nativeEvents=true, acceptSslCerts=true, locationContextEnabled=true, webStorageEnabled=true,
                     browserName=chrome, takesScreenshot=true, javascriptEnabled=true, cssSelectorsEnabled=true, unexpectedAlertBehaviour=}]
                     Session ID: becf5bd30e4b12805fa2f6563e08b03e
                     
                  </a>
                   
                  
               </td>
            </tr>
            <tr>
               <td colspan="4" class="detailsBox">
                  <div id="com.chedai.test.LoanTest_SendTenderAuditTest_byStatus_skiped_SKIP3_details"
                       class="testMethodDetails">
                     <div>
                        <b>Name: </b>SendTenderAuditTest
                     </div>
                     <div>
                        <b>Signature: </b>SendTenderAuditTest()[pri:13, instance:com.chedai.test.LoanTest@5ae63ade]
                     </div>
                     <div>
                        <b>Start time: </b>17:23:51
                     </div>
                     <div>
                        <b>End time: </b>17:23:51
                     </div>
                     <div>
                        <b>Duration: </b>1 ms
                        
                     </div>
                  </div>
               </td>
            </tr>
            <tr>
               <td colspan="4" class="detailsBox">
                  <div id="com.chedai.test.LoanTest_SendTenderAuditTest_byStatus_skiped_SKIP3_exception"
                       class="testMethodDetails">
                     <pre style="padding: 5px; margin: 0;">org.openqa.selenium.WebDriverException: unknown error: Element &lt;a href="#" class="dropdown-toggle" data-toggle="dropdown"&gt;...&lt;/a&gt;
                        is not clickable at point (1847, 40). Other element would receive the click: &lt;div class="window-mask" style="width: 1920px;
                        height: 934px; display: block; z-index: 9000;"&gt;&lt;/div&gt;
                        (Session info: chrome=60.0.3112.113)
                        (Driver info: chromedriver=2.28.455520 (cc17746adff54984afff480136733114c6b3704b),platform=Windows NT 6.1.7601 SP1 x86_64)
                        (WARNING: The server did not provide any stacktrace information)
                        Command duration or timeout: 63 milliseconds
                        Build info: version: '3.4.0', revision: 'unknown', time: 'unknown'
                        System info: host: 'EIT-20170712IIN', ip: '172.20.8.159', os.name: 'Windows 7', os.arch: 'amd64', os.version: '6.1', java.version:
                        '1.8.0_144'
                        Driver info: org.openqa.selenium.chrome.ChromeDriver
                        Capabilities [{applicationCacheEnabled=false, rotatable=false, mobileEmulationEnabled=false, networkConnectionEnabled=false,
                        chrome={chromedriverVersion=2.28.455520 (cc17746adff54984afff480136733114c6b3704b), userDataDir=C:\Users\ADMINI~1.EIT\AppData\Local\Temp\scoped_dir6944_27902},
                        takesHeapSnapshot=true, pageLoadStrategy=normal, databaseEnabled=false, handlesAlerts=true, hasTouchScreen=false, version=60.0.3112.113,
                        platform=XP, browserConnectionEnabled=false, nativeEvents=true, acceptSslCerts=true, locationContextEnabled=true, webStorageEnabled=true,
                        browserName=chrome, takesScreenshot=true, javascriptEnabled=true, cssSelectorsEnabled=true, unexpectedAlertBehaviour=}]
                        Session ID: becf5bd30e4b12805fa2f6563e08b03e
                        	at sun.reflect.NativeConstructorAccessorImpl.newInstance0(Native Method)
                        	at sun.reflect.NativeConstructorAccessorImpl.newInstance(Unknown Source)
                        	at sun.reflect.DelegatingConstructorAccessorImpl.newInstance(Unknown Source)
                        	at java.lang.reflect.Constructor.newInstance(Unknown Source)
                        	at org.openqa.selenium.remote.ErrorHandler.createThrowable(ErrorHandler.java:215)
                        	at org.openqa.selenium.remote.ErrorHandler.throwIfResponseFailed(ErrorHandler.java:167)
                        	at org.openqa.selenium.remote.RemoteWebDriver.execute(RemoteWebDriver.java:671)
                        	at org.openqa.selenium.remote.RemoteWebElement.execute(RemoteWebElement.java:272)
                        	at org.openqa.selenium.remote.RemoteWebElement.click(RemoteWebElement.java:82)
                        	at com.core.utils.BasePage.click(BasePage.java:221)
                        	at com.chedai.page.NewPackPage.logout(NewPackPage.java:145)
                        	at com.chedai.business.NewPackBus.logoutbus(NewPackBus.java:54)
                        	at com.chedai.test.InitTest.logouttest(InitTest.java:62)
                        	at sun.reflect.NativeMethodAccessorImpl.invoke0(Native Method)
                        	at sun.reflect.NativeMethodAccessorImpl.invoke(Unknown Source)
                        	at sun.reflect.DelegatingMethodAccessorImpl.invoke(Unknown Source)
                        	at java.lang.reflect.Method.invoke(Unknown Source)
                        	at org.testng.internal.MethodInvocationHelper.invokeMethod(MethodInvocationHelper.java:104)
                        	at org.testng.internal.Invoker.invokeConfigurationMethod(Invoker.java:515)
                        	at org.testng.internal.Invoker.invokeConfigurations(Invoker.java:217)
                        	at org.testng.internal.Invoker.invokeConfigurations(Invoker.java:144)
                        	at org.testng.internal.TestMethodWorker.invokeAfterClassMethods(TestMethodWorker.java:217)
                        	at org.testng.internal.TestMethodWorker.run(TestMethodWorker.java:115)
                        	at java.util.concurrent.ThreadPoolExecutor.runWorker(Unknown Source)
                        	at java.util.concurrent.ThreadPoolExecutor$Worker.run(Unknown Source)
                        	at java.lang.Thread.run(Unknown Source)
                     </pre>
                  </div>
               </td>
            </tr>
            <tr id="com.chedai.test.LoanTest_logouttest_byStatus_skiped_SKIP4_row"
                class="testMethodStatusSKIP testMethodStatusCONF">
               <td width="100%" class="firstMethodCell">
                  <a onclick="toggleDetailsVisibility('com.chedai.test.LoanTest_logouttest_byStatus_skiped_SKIP4_details')">logouttest()</a>
               </td>
               <td nowrap="true">17:23:51</td>
               <td nowrap="true" align="right">0 ms
                  
               </td>
               <td nowrap="true">
                   
                  
               </td>
            </tr>
            <tr>
               <td colspan="4" class="detailsBox">
                  <div id="com.chedai.test.LoanTest_logouttest_byStatus_skiped_SKIP4_details"
                       class="testMethodDetails">
                     <div>
                        <b>Name: </b>logouttest
                     </div>
                     <div>
                        <b>Signature: </b>logouttest()[pri:0, instance:com.chedai.test.LoanTest@5ae63ade]
                     </div>
                     <div>
                        <b>Start time: </b>17:23:51
                     </div>
                     <div>
                        <b>End time: </b>17:23:51
                     </div>
                     <div>
                        <b>Duration: </b>0 ms
                        
                     </div>
                  </div>
               </td>
            </tr>
            <tr></tr>
            <tr id="com.chedai.test.NewPackTest_tearDown_byStatus_skiped_SKIP5_row"
                class="testMethodStatusSKIP testMethodStatusCONF">
               <td width="100%" class="firstMethodCell">
                  <a onclick="toggleDetailsVisibility('com.chedai.test.NewPackTest_tearDown_byStatus_skiped_SKIP5_details')">tearDown()</a>
               </td>
               <td nowrap="true">17:23:51</td>
               <td nowrap="true" align="right">0 ms
                  
               </td>
               <td nowrap="true">
                   
                  
               </td>
            </tr>
            <tr>
               <td colspan="4" class="detailsBox">
                  <div id="com.chedai.test.NewPackTest_tearDown_byStatus_skiped_SKIP5_details"
                       class="testMethodDetails">
                     <div>
                        <b>Name: </b>tearDown
                     </div>
                     <div>
                        <b>Signature: </b>tearDown()[pri:0, instance:com.chedai.test.NewPackTest@5b87ed94]
                     </div>
                     <div>
                        <b>Start time: </b>17:23:51
                     </div>
                     <div>
                        <b>End time: </b>17:23:51
                     </div>
                     <div>
                        <b>Duration: </b>0 ms
                        
                     </div>
                  </div>
               </td>
            </tr>
            <tr></tr>
            <tr id="com.chedai.test.ContractReviewTest_AdminLoginTest_byStatus_skiped_SKIP6_row"
                class="testMethodStatusSKIP testMethodStatusCONF">
               <td width="100%" class="firstMethodCell">
                  <a onclick="toggleDetailsVisibility('com.chedai.test.ContractReviewTest_AdminLoginTest_byStatus_skiped_SKIP6_details')">AdminLoginTest()</a>
               </td>
               <td nowrap="true">17:23:51</td>
               <td nowrap="true" align="right">0 ms
                  
               </td>
               <td nowrap="true">
                   
                  
               </td>
            </tr>
            <tr>
               <td colspan="4" class="detailsBox">
                  <div id="com.chedai.test.ContractReviewTest_AdminLoginTest_byStatus_skiped_SKIP6_details"
                       class="testMethodDetails">
                     <div>
                        <b>Name: </b>AdminLoginTest
                     </div>
                     <div>
                        <b>Signature: </b>AdminLoginTest()[pri:0, instance:com.chedai.test.ContractReviewTest@3dd4520b]
                     </div>
                     <div>
                        <b>Start time: </b>17:23:51
                     </div>
                     <div>
                        <b>End time: </b>17:23:51
                     </div>
                     <div>
                        <b>Duration: </b>0 ms
                        
                     </div>
                  </div>
               </td>
            </tr>
            <tr></tr>
            <tr id="com.chedai.test.ContractReviewTest_ContractSign_byStatus_skiped_SKIP7_row"
                class="testMethodStatusSKIP">
               <td width="100%" class="firstMethodCell">
                  <a onclick="toggleDetailsVisibility('com.chedai.test.ContractReviewTest_ContractSign_byStatus_skiped_SKIP7_details')">ContractSign()</a>
               </td>
               <td nowrap="true">17:23:51</td>
               <td nowrap="true" align="right">1 ms
                  
               </td>
               <td nowrap="true">
                  <a onclick="toggleDetailsVisibility('com.chedai.test.ContractReviewTest_ContractSign_byStatus_skiped_SKIP7_exception')">org.openqa.selenium.WebDriverException: 
                     unknown error: Element &lt;a href="#" class="dropdown-toggle" data-toggle="dropdown"&gt;...&lt;/a&gt; is not clickable at point (1847,
                     40). Other element would receive the click: &lt;div class="window-mask" style="width: 1920px; height: 934px; display: block;
                     z-index: 9000;"&gt;&lt;/div&gt;
                     (Session info: chrome=60.0.3112.113)
                     (Driver info: chromedriver=2.28.455520 (cc17746adff54984afff480136733114c6b3704b),platform=Windows NT 6.1.7601 SP1 x86_64)
                     (WARNING: The server did not provide any stacktrace information)
                     Command duration or timeout: 63 milliseconds
                     Build info: version: '3.4.0', revision: 'unknown', time: 'unknown'
                     System info: host: 'EIT-20170712IIN', ip: '172.20.8.159', os.name: 'Windows 7', os.arch: 'amd64', os.version: '6.1', java.version:
                     '1.8.0_144'
                     Driver info: org.openqa.selenium.chrome.ChromeDriver
                     Capabilities [{applicationCacheEnabled=false, rotatable=false, mobileEmulationEnabled=false, networkConnectionEnabled=false,
                     chrome={chromedriverVersion=2.28.455520 (cc17746adff54984afff480136733114c6b3704b), userDataDir=C:\Users\ADMINI~1.EIT\AppData\Local\Temp\scoped_dir6944_27902},
                     takesHeapSnapshot=true, pageLoadStrategy=normal, databaseEnabled=false, handlesAlerts=true, hasTouchScreen=false, version=60.0.3112.113,
                     platform=XP, browserConnectionEnabled=false, nativeEvents=true, acceptSslCerts=true, locationContextEnabled=true, webStorageEnabled=true,
                     browserName=chrome, takesScreenshot=true, javascriptEnabled=true, cssSelectorsEnabled=true, unexpectedAlertBehaviour=}]
                     Session ID: becf5bd30e4b12805fa2f6563e08b03e
                     
                  </a>
                   
                  
               </td>
            </tr>
            <tr>
               <td colspan="4" class="detailsBox">
                  <div id="com.chedai.test.ContractReviewTest_ContractSign_byStatus_skiped_SKIP7_details"
                       class="testMethodDetails">
                     <div>
                        <b>Name: </b>ContractSign
                     </div>
                     <div>
                        <b>Signature: </b>ContractSign()[pri:11, instance:com.chedai.test.ContractReviewTest@3dd4520b]
                     </div>
                     <div>
                        <b>Start time: </b>17:23:51
                     </div>
                     <div>
                        <b>End time: </b>17:23:51
                     </div>
                     <div>
                        <b>Duration: </b>1 ms
                        
                     </div>
                  </div>
               </td>
            </tr>
            <tr>
               <td colspan="4" class="detailsBox">
                  <div id="com.chedai.test.ContractReviewTest_ContractSign_byStatus_skiped_SKIP7_exception"
                       class="testMethodDetails">
                     <pre style="padding: 5px; margin: 0;">org.openqa.selenium.WebDriverException: unknown error: Element &lt;a href="#" class="dropdown-toggle" data-toggle="dropdown"&gt;...&lt;/a&gt;
                        is not clickable at point (1847, 40). Other element would receive the click: &lt;div class="window-mask" style="width: 1920px;
                        height: 934px; display: block; z-index: 9000;"&gt;&lt;/div&gt;
                        (Session info: chrome=60.0.3112.113)
                        (Driver info: chromedriver=2.28.455520 (cc17746adff54984afff480136733114c6b3704b),platform=Windows NT 6.1.7601 SP1 x86_64)
                        (WARNING: The server did not provide any stacktrace information)
                        Command duration or timeout: 63 milliseconds
                        Build info: version: '3.4.0', revision: 'unknown', time: 'unknown'
                        System info: host: 'EIT-20170712IIN', ip: '172.20.8.159', os.name: 'Windows 7', os.arch: 'amd64', os.version: '6.1', java.version:
                        '1.8.0_144'
                        Driver info: org.openqa.selenium.chrome.ChromeDriver
                        Capabilities [{applicationCacheEnabled=false, rotatable=false, mobileEmulationEnabled=false, networkConnectionEnabled=false,
                        chrome={chromedriverVersion=2.28.455520 (cc17746adff54984afff480136733114c6b3704b), userDataDir=C:\Users\ADMINI~1.EIT\AppData\Local\Temp\scoped_dir6944_27902},
                        takesHeapSnapshot=true, pageLoadStrategy=normal, databaseEnabled=false, handlesAlerts=true, hasTouchScreen=false, version=60.0.3112.113,
                        platform=XP, browserConnectionEnabled=false, nativeEvents=true, acceptSslCerts=true, locationContextEnabled=true, webStorageEnabled=true,
                        browserName=chrome, takesScreenshot=true, javascriptEnabled=true, cssSelectorsEnabled=true, unexpectedAlertBehaviour=}]
                        Session ID: becf5bd30e4b12805fa2f6563e08b03e
                        	at sun.reflect.NativeConstructorAccessorImpl.newInstance0(Native Method)
                        	at sun.reflect.NativeConstructorAccessorImpl.newInstance(Unknown Source)
                        	at sun.reflect.DelegatingConstructorAccessorImpl.newInstance(Unknown Source)
                        	at java.lang.reflect.Constructor.newInstance(Unknown Source)
                        	at org.openqa.selenium.remote.ErrorHandler.createThrowable(ErrorHandler.java:215)
                        	at org.openqa.selenium.remote.ErrorHandler.throwIfResponseFailed(ErrorHandler.java:167)
                        	at org.openqa.selenium.remote.RemoteWebDriver.execute(RemoteWebDriver.java:671)
                        	at org.openqa.selenium.remote.RemoteWebElement.execute(RemoteWebElement.java:272)
                        	at org.openqa.selenium.remote.RemoteWebElement.click(RemoteWebElement.java:82)
                        	at com.core.utils.BasePage.click(BasePage.java:221)
                        	at com.chedai.page.NewPackPage.logout(NewPackPage.java:145)
                        	at com.chedai.business.NewPackBus.logoutbus(NewPackBus.java:54)
                        	at com.chedai.test.InitTest.logouttest(InitTest.java:62)
                        	at sun.reflect.NativeMethodAccessorImpl.invoke0(Native Method)
                        	at sun.reflect.NativeMethodAccessorImpl.invoke(Unknown Source)
                        	at sun.reflect.DelegatingMethodAccessorImpl.invoke(Unknown Source)
                        	at java.lang.reflect.Method.invoke(Unknown Source)
                        	at org.testng.internal.MethodInvocationHelper.invokeMethod(MethodInvocationHelper.java:104)
                        	at org.testng.internal.Invoker.invokeConfigurationMethod(Invoker.java:515)
                        	at org.testng.internal.Invoker.invokeConfigurations(Invoker.java:217)
                        	at org.testng.internal.Invoker.invokeConfigurations(Invoker.java:144)
                        	at org.testng.internal.TestMethodWorker.invokeAfterClassMethods(TestMethodWorker.java:217)
                        	at org.testng.internal.TestMethodWorker.run(TestMethodWorker.java:115)
                        	at java.util.concurrent.ThreadPoolExecutor.runWorker(Unknown Source)
                        	at java.util.concurrent.ThreadPoolExecutor$Worker.run(Unknown Source)
                        	at java.lang.Thread.run(Unknown Source)
                     </pre>
                  </div>
               </td>
            </tr>
            <tr id="com.chedai.test.ContractReviewTest_logouttest_byStatus_skiped_SKIP8_row"
                class="testMethodStatusSKIP testMethodStatusCONF">
               <td width="100%" class="firstMethodCell">
                  <a onclick="toggleDetailsVisibility('com.chedai.test.ContractReviewTest_logouttest_byStatus_skiped_SKIP8_details')">logouttest()</a>
               </td>
               <td nowrap="true">17:23:51</td>
               <td nowrap="true" align="right">0 ms
                  
               </td>
               <td nowrap="true">
                   
                  
               </td>
            </tr>
            <tr>
               <td colspan="4" class="detailsBox">
                  <div id="com.chedai.test.ContractReviewTest_logouttest_byStatus_skiped_SKIP8_details"
                       class="testMethodDetails">
                     <div>
                        <b>Name: </b>logouttest
                     </div>
                     <div>
                        <b>Signature: </b>logouttest()[pri:0, instance:com.chedai.test.ContractReviewTest@3dd4520b]
                     </div>
                     <div>
                        <b>Start time: </b>17:23:51
                     </div>
                     <div>
                        <b>End time: </b>17:23:51
                     </div>
                     <div>
                        <b>Duration: </b>0 ms
                        
                     </div>
                  </div>
               </td>
            </tr>
            <tr></tr>
         </table>
      </div>
      <div id="testMethodsByClass" style="display: none;">
         <table class="testMethodsTable" cellpadding="0" cellspacing="0">
            <tr>
               <td colspan="4">
                  <h3 style="display: inline;">com.chedai.test.AuditTest</h3>
               </td>
            </tr>
            <tr class="methodsTableHeader">
               <td width="100%">Name</td>
               <td nowrap="true">Started</td>
               <td nowrap="true">Duration</td>
               <td>Exception</td>
            </tr>
            <tr id="com.chedai.test.AuditTest_AdminLoginTest_byClass_PASS1_row"
                class="testMethodStatusPASS testMethodStatusCONF">
               <td width="100%" class="firstMethodCell">
                  <a onclick="toggleDetailsVisibility('com.chedai.test.AuditTest_AdminLoginTest_byClass_PASS1_details')">AdminLoginTest()</a>
               </td>
               <td nowrap="true">17:22:14</td>
               <td nowrap="true" align="right">650 ms
                  
               </td>
               <td nowrap="true">
                   
                  
               </td>
            </tr>
            <tr>
               <td colspan="4" class="detailsBox">
                  <div id="com.chedai.test.AuditTest_AdminLoginTest_byClass_PASS1_details"
                       class="testMethodDetails">
                     <div>
                        <b>Name: </b>AdminLoginTest
                     </div>
                     <div>
                        <b>Signature: </b>AdminLoginTest()[pri:0, instance:com.chedai.test.AuditTest@5bc79255]
                     </div>
                     <div>
                        <b>Start time: </b>17:22:14
                     </div>
                     <div>
                        <b>End time: </b>17:22:15
                     </div>
                     <div>
                        <b>Duration: </b>650 ms
                        
                     </div>
                  </div>
               </td>
            </tr>
            <tr></tr>
            <tr id="com.chedai.test.AuditTest_qualityAuditTest_byClass_PASS2_row"
                class="testMethodStatusPASS">
               <td width="100%" class="firstMethodCell">
                  <a onclick="toggleDetailsVisibility('com.chedai.test.AuditTest_qualityAuditTest_byClass_PASS2_details')">qualityAuditTest()</a>
               </td>
               <td nowrap="true">17:22:15</td>
               <td nowrap="true" align="right">13s
                  
               </td>
               <td nowrap="true">
                   
                  
               </td>
            </tr>
            <tr>
               <td colspan="4" class="detailsBox">
                  <div id="com.chedai.test.AuditTest_qualityAuditTest_byClass_PASS2_details"
                       class="testMethodDetails">
                     <div>
                        <b>Name: </b>qualityAuditTest
                     </div>
                     <div>
                        <b>Signature: </b>qualityAuditTest()[pri:4, instance:com.chedai.test.AuditTest@5bc79255]
                     </div>
                     <div>
                        <b>Start time: </b>17:22:15
                     </div>
                     <div>
                        <b>End time: </b>17:22:28
                     </div>
                     <div>
                        <b>Duration: </b>13s
                        
                     </div>
                  </div>
               </td>
            </tr>
            <tr></tr>
            <tr id="com.chedai.test.AuditTest_PreliminaryAuditTest_byClass_PASS3_row"
                class="testMethodStatusPASS">
               <td width="100%" class="firstMethodCell">
                  <a onclick="toggleDetailsVisibility('com.chedai.test.AuditTest_PreliminaryAuditTest_byClass_PASS3_details')">PreliminaryAuditTest()</a>
               </td>
               <td nowrap="true">17:22:28</td>
               <td nowrap="true" align="right">12s
                  
               </td>
               <td nowrap="true">
                   
                  
               </td>
            </tr>
            <tr>
               <td colspan="4" class="detailsBox">
                  <div id="com.chedai.test.AuditTest_PreliminaryAuditTest_byClass_PASS3_details"
                       class="testMethodDetails">
                     <div>
                        <b>Name: </b>PreliminaryAuditTest
                     </div>
                     <div>
                        <b>Signature: </b>PreliminaryAuditTest()[pri:5, instance:com.chedai.test.AuditTest@5bc79255]
                     </div>
                     <div>
                        <b>Start time: </b>17:22:28
                     </div>
                     <div>
                        <b>End time: </b>17:22:41
                     </div>
                     <div>
                        <b>Duration: </b>12s
                        
                     </div>
                  </div>
               </td>
            </tr>
            <tr></tr>
            <tr id="com.chedai.test.AuditTest_FinalAuditTest_byClass_PASS4_row"
                class="testMethodStatusPASS">
               <td width="100%" class="firstMethodCell">
                  <a onclick="toggleDetailsVisibility('com.chedai.test.AuditTest_FinalAuditTest_byClass_PASS4_details')">FinalAuditTest()</a>
               </td>
               <td nowrap="true">17:22:41</td>
               <td nowrap="true" align="right">13s
                  
               </td>
               <td nowrap="true">
                   
                  
               </td>
            </tr>
            <tr>
               <td colspan="4" class="detailsBox">
                  <div id="com.chedai.test.AuditTest_FinalAuditTest_byClass_PASS4_details"
                       class="testMethodDetails">
                     <div>
                        <b>Name: </b>FinalAuditTest
                     </div>
                     <div>
                        <b>Signature: </b>FinalAuditTest()[pri:6, instance:com.chedai.test.AuditTest@5bc79255]
                     </div>
                     <div>
                        <b>Start time: </b>17:22:41
                     </div>
                     <div>
                        <b>End time: </b>17:22:54
                     </div>
                     <div>
                        <b>Duration: </b>13s
                        
                     </div>
                  </div>
               </td>
            </tr>
            <tr></tr>
            <tr id="com.chedai.test.AuditTest_assessAuditTest_byClass_PASS5_row"
                class="testMethodStatusPASS">
               <td width="100%" class="firstMethodCell">
                  <a onclick="toggleDetailsVisibility('com.chedai.test.AuditTest_assessAuditTest_byClass_PASS5_details')">assessAuditTest()</a>
               </td>
               <td nowrap="true">17:22:54</td>
               <td nowrap="true" align="right">14s
                  
               </td>
               <td nowrap="true">
                   
                  
               </td>
            </tr>
            <tr>
               <td colspan="4" class="detailsBox">
                  <div id="com.chedai.test.AuditTest_assessAuditTest_byClass_PASS5_details"
                       class="testMethodDetails">
                     <div>
                        <b>Name: </b>assessAuditTest
                     </div>
                     <div>
                        <b>Signature: </b>assessAuditTest()[pri:7, instance:com.chedai.test.AuditTest@5bc79255]
                     </div>
                     <div>
                        <b>Start time: </b>17:22:54
                     </div>
                     <div>
                        <b>End time: </b>17:23:08
                     </div>
                     <div>
                        <b>Duration: </b>14s
                        
                     </div>
                  </div>
               </td>
            </tr>
            <tr></tr>
            <tr id="com.chedai.test.AuditTest_logouttest_byClass_PASS6_row"
                class="testMethodStatusPASS testMethodStatusCONF">
               <td width="100%" class="firstMethodCell">
                  <a onclick="toggleDetailsVisibility('com.chedai.test.AuditTest_logouttest_byClass_PASS6_details')">logouttest()</a>
               </td>
               <td nowrap="true">17:23:08</td>
               <td nowrap="true" align="right">163 ms
                  
               </td>
               <td nowrap="true">
                   
                  
               </td>
            </tr>
            <tr>
               <td colspan="4" class="detailsBox">
                  <div id="com.chedai.test.AuditTest_logouttest_byClass_PASS6_details"
                       class="testMethodDetails">
                     <div>
                        <b>Name: </b>logouttest
                     </div>
                     <div>
                        <b>Signature: </b>logouttest()[pri:0, instance:com.chedai.test.AuditTest@5bc79255]
                     </div>
                     <div>
                        <b>Start time: </b>17:23:08
                     </div>
                     <div>
                        <b>End time: </b>17:23:08
                     </div>
                     <div>
                        <b>Duration: </b>163 ms
                        
                     </div>
                  </div>
               </td>
            </tr>
            <tr></tr>
         </table>
         <br></br>
         <table class="testMethodsTable" cellpadding="0" cellspacing="0">
            <tr>
               <td colspan="4">
                  <h3 style="display: inline;">com.chedai.test.ContractReviewTest</h3>
               </td>
            </tr>
            <tr class="methodsTableHeader">
               <td width="100%">Name</td>
               <td nowrap="true">Started</td>
               <td nowrap="true">Duration</td>
               <td>Exception</td>
            </tr>
            <tr id="com.chedai.test.ContractReviewTest_AdminLoginTest_byClass_SKIP1_row"
                class="testMethodStatusSKIP testMethodStatusCONF">
               <td width="100%" class="firstMethodCell">
                  <a onclick="toggleDetailsVisibility('com.chedai.test.ContractReviewTest_AdminLoginTest_byClass_SKIP1_details')">AdminLoginTest()</a>
               </td>
               <td nowrap="true">17:23:51</td>
               <td nowrap="true" align="right">0 ms
                  
               </td>
               <td nowrap="true">
                   
                  
               </td>
            </tr>
            <tr>
               <td colspan="4" class="detailsBox">
                  <div id="com.chedai.test.ContractReviewTest_AdminLoginTest_byClass_SKIP1_details"
                       class="testMethodDetails">
                     <div>
                        <b>Name: </b>AdminLoginTest
                     </div>
                     <div>
                        <b>Signature: </b>AdminLoginTest()[pri:0, instance:com.chedai.test.ContractReviewTest@3dd4520b]
                     </div>
                     <div>
                        <b>Start time: </b>17:23:51
                     </div>
                     <div>
                        <b>End time: </b>17:23:51
                     </div>
                     <div>
                        <b>Duration: </b>0 ms
                        
                     </div>
                  </div>
               </td>
            </tr>
            <tr></tr>
            <tr id="com.chedai.test.ContractReviewTest_ContractSign_byClass_SKIP2_row"
                class="testMethodStatusSKIP">
               <td width="100%" class="firstMethodCell">
                  <a onclick="toggleDetailsVisibility('com.chedai.test.ContractReviewTest_ContractSign_byClass_SKIP2_details')">ContractSign()</a>
               </td>
               <td nowrap="true">17:23:51</td>
               <td nowrap="true" align="right">1 ms
                  
               </td>
               <td nowrap="true">
                  <a onclick="toggleDetailsVisibility('com.chedai.test.ContractReviewTest_ContractSign_byClass_SKIP2_exception')">org.openqa.selenium.WebDriverException: 
                     unknown error: Element &lt;a href="#" class="dropdown-toggle" data-toggle="dropdown"&gt;...&lt;/a&gt; is not clickable at point (1847,
                     40). Other element would receive the click: &lt;div class="window-mask" style="width: 1920px; height: 934px; display: block;
                     z-index: 9000;"&gt;&lt;/div&gt;
                     (Session info: chrome=60.0.3112.113)
                     (Driver info: chromedriver=2.28.455520 (cc17746adff54984afff480136733114c6b3704b),platform=Windows NT 6.1.7601 SP1 x86_64)
                     (WARNING: The server did not provide any stacktrace information)
                     Command duration or timeout: 63 milliseconds
                     Build info: version: '3.4.0', revision: 'unknown', time: 'unknown'
                     System info: host: 'EIT-20170712IIN', ip: '172.20.8.159', os.name: 'Windows 7', os.arch: 'amd64', os.version: '6.1', java.version:
                     '1.8.0_144'
                     Driver info: org.openqa.selenium.chrome.ChromeDriver
                     Capabilities [{applicationCacheEnabled=false, rotatable=false, mobileEmulationEnabled=false, networkConnectionEnabled=false,
                     chrome={chromedriverVersion=2.28.455520 (cc17746adff54984afff480136733114c6b3704b), userDataDir=C:\Users\ADMINI~1.EIT\AppData\Local\Temp\scoped_dir6944_27902},
                     takesHeapSnapshot=true, pageLoadStrategy=normal, databaseEnabled=false, handlesAlerts=true, hasTouchScreen=false, version=60.0.3112.113,
                     platform=XP, browserConnectionEnabled=false, nativeEvents=true, acceptSslCerts=true, locationContextEnabled=true, webStorageEnabled=true,
                     browserName=chrome, takesScreenshot=true, javascriptEnabled=true, cssSelectorsEnabled=true, unexpectedAlertBehaviour=}]
                     Session ID: becf5bd30e4b12805fa2f6563e08b03e
                     
                  </a>
                   
                  
               </td>
            </tr>
            <tr>
               <td colspan="4" class="detailsBox">
                  <div id="com.chedai.test.ContractReviewTest_ContractSign_byClass_SKIP2_details"
                       class="testMethodDetails">
                     <div>
                        <b>Name: </b>ContractSign
                     </div>
                     <div>
                        <b>Signature: </b>ContractSign()[pri:11, instance:com.chedai.test.ContractReviewTest@3dd4520b]
                     </div>
                     <div>
                        <b>Start time: </b>17:23:51
                     </div>
                     <div>
                        <b>End time: </b>17:23:51
                     </div>
                     <div>
                        <b>Duration: </b>1 ms
                        
                     </div>
                  </div>
               </td>
            </tr>
            <tr>
               <td colspan="4" class="detailsBox">
                  <div id="com.chedai.test.ContractReviewTest_ContractSign_byClass_SKIP2_exception"
                       class="testMethodDetails">
                     <pre style="padding: 5px; margin: 0;">org.openqa.selenium.WebDriverException: unknown error: Element &lt;a href="#" class="dropdown-toggle" data-toggle="dropdown"&gt;...&lt;/a&gt;
                        is not clickable at point (1847, 40). Other element would receive the click: &lt;div class="window-mask" style="width: 1920px;
                        height: 934px; display: block; z-index: 9000;"&gt;&lt;/div&gt;
                        (Session info: chrome=60.0.3112.113)
                        (Driver info: chromedriver=2.28.455520 (cc17746adff54984afff480136733114c6b3704b),platform=Windows NT 6.1.7601 SP1 x86_64)
                        (WARNING: The server did not provide any stacktrace information)
                        Command duration or timeout: 63 milliseconds
                        Build info: version: '3.4.0', revision: 'unknown', time: 'unknown'
                        System info: host: 'EIT-20170712IIN', ip: '172.20.8.159', os.name: 'Windows 7', os.arch: 'amd64', os.version: '6.1', java.version:
                        '1.8.0_144'
                        Driver info: org.openqa.selenium.chrome.ChromeDriver
                        Capabilities [{applicationCacheEnabled=false, rotatable=false, mobileEmulationEnabled=false, networkConnectionEnabled=false,
                        chrome={chromedriverVersion=2.28.455520 (cc17746adff54984afff480136733114c6b3704b), userDataDir=C:\Users\ADMINI~1.EIT\AppData\Local\Temp\scoped_dir6944_27902},
                        takesHeapSnapshot=true, pageLoadStrategy=normal, databaseEnabled=false, handlesAlerts=true, hasTouchScreen=false, version=60.0.3112.113,
                        platform=XP, browserConnectionEnabled=false, nativeEvents=true, acceptSslCerts=true, locationContextEnabled=true, webStorageEnabled=true,
                        browserName=chrome, takesScreenshot=true, javascriptEnabled=true, cssSelectorsEnabled=true, unexpectedAlertBehaviour=}]
                        Session ID: becf5bd30e4b12805fa2f6563e08b03e
                        	at sun.reflect.NativeConstructorAccessorImpl.newInstance0(Native Method)
                        	at sun.reflect.NativeConstructorAccessorImpl.newInstance(Unknown Source)
                        	at sun.reflect.DelegatingConstructorAccessorImpl.newInstance(Unknown Source)
                        	at java.lang.reflect.Constructor.newInstance(Unknown Source)
                        	at org.openqa.selenium.remote.ErrorHandler.createThrowable(ErrorHandler.java:215)
                        	at org.openqa.selenium.remote.ErrorHandler.throwIfResponseFailed(ErrorHandler.java:167)
                        	at org.openqa.selenium.remote.RemoteWebDriver.execute(RemoteWebDriver.java:671)
                        	at org.openqa.selenium.remote.RemoteWebElement.execute(RemoteWebElement.java:272)
                        	at org.openqa.selenium.remote.RemoteWebElement.click(RemoteWebElement.java:82)
                        	at com.core.utils.BasePage.click(BasePage.java:221)
                        	at com.chedai.page.NewPackPage.logout(NewPackPage.java:145)
                        	at com.chedai.business.NewPackBus.logoutbus(NewPackBus.java:54)
                        	at com.chedai.test.InitTest.logouttest(InitTest.java:62)
                        	at sun.reflect.NativeMethodAccessorImpl.invoke0(Native Method)
                        	at sun.reflect.NativeMethodAccessorImpl.invoke(Unknown Source)
                        	at sun.reflect.DelegatingMethodAccessorImpl.invoke(Unknown Source)
                        	at java.lang.reflect.Method.invoke(Unknown Source)
                        	at org.testng.internal.MethodInvocationHelper.invokeMethod(MethodInvocationHelper.java:104)
                        	at org.testng.internal.Invoker.invokeConfigurationMethod(Invoker.java:515)
                        	at org.testng.internal.Invoker.invokeConfigurations(Invoker.java:217)
                        	at org.testng.internal.Invoker.invokeConfigurations(Invoker.java:144)
                        	at org.testng.internal.TestMethodWorker.invokeAfterClassMethods(TestMethodWorker.java:217)
                        	at org.testng.internal.TestMethodWorker.run(TestMethodWorker.java:115)
                        	at java.util.concurrent.ThreadPoolExecutor.runWorker(Unknown Source)
                        	at java.util.concurrent.ThreadPoolExecutor$Worker.run(Unknown Source)
                        	at java.lang.Thread.run(Unknown Source)
                     </pre>
                  </div>
               </td>
            </tr>
            <tr id="com.chedai.test.ContractReviewTest_logouttest_byClass_SKIP3_row"
                class="testMethodStatusSKIP testMethodStatusCONF">
               <td width="100%" class="firstMethodCell">
                  <a onclick="toggleDetailsVisibility('com.chedai.test.ContractReviewTest_logouttest_byClass_SKIP3_details')">logouttest()</a>
               </td>
               <td nowrap="true">17:23:51</td>
               <td nowrap="true" align="right">0 ms
                  
               </td>
               <td nowrap="true">
                   
                  
               </td>
            </tr>
            <tr>
               <td colspan="4" class="detailsBox">
                  <div id="com.chedai.test.ContractReviewTest_logouttest_byClass_SKIP3_details"
                       class="testMethodDetails">
                     <div>
                        <b>Name: </b>logouttest
                     </div>
                     <div>
                        <b>Signature: </b>logouttest()[pri:0, instance:com.chedai.test.ContractReviewTest@3dd4520b]
                     </div>
                     <div>
                        <b>Start time: </b>17:23:51
                     </div>
                     <div>
                        <b>End time: </b>17:23:51
                     </div>
                     <div>
                        <b>Duration: </b>0 ms
                        
                     </div>
                  </div>
               </td>
            </tr>
            <tr></tr>
         </table>
         <br></br>
         <table class="testMethodsTable" cellpadding="0" cellspacing="0">
            <tr>
               <td colspan="4">
                  <h3 style="display: inline;">com.chedai.test.ContractSignTest</h3>
               </td>
            </tr>
            <tr class="methodsTableHeader">
               <td width="100%">Name</td>
               <td nowrap="true">Started</td>
               <td nowrap="true">Duration</td>
               <td>Exception</td>
            </tr>
            <tr id="com.chedai.test.ContractSignTest_AdminLoginTest_byClass_PASS1_row"
                class="testMethodStatusPASS testMethodStatusCONF">
               <td width="100%" class="firstMethodCell">
                  <a onclick="toggleDetailsVisibility('com.chedai.test.ContractSignTest_AdminLoginTest_byClass_PASS1_details')">AdminLoginTest()</a>
               </td>
               <td nowrap="true">17:23:21</td>
               <td nowrap="true" align="right">1s
                  
               </td>
               <td nowrap="true">
                   
                  
               </td>
            </tr>
            <tr>
               <td colspan="4" class="detailsBox">
                  <div id="com.chedai.test.ContractSignTest_AdminLoginTest_byClass_PASS1_details"
                       class="testMethodDetails">
                     <div>
                        <b>Name: </b>AdminLoginTest
                     </div>
                     <div>
                        <b>Signature: </b>AdminLoginTest()[pri:0, instance:com.chedai.test.ContractSignTest@23e028a9]
                     </div>
                     <div>
                        <b>Start time: </b>17:23:21
                     </div>
                     <div>
                        <b>End time: </b>17:23:22
                     </div>
                     <div>
                        <b>Duration: </b>1s
                        
                     </div>
                  </div>
               </td>
            </tr>
            <tr></tr>
            <tr id="com.chedai.test.ContractSignTest_ContractSign_byClass_FAIL2_row"
                class="testMethodStatusFAIL">
               <td width="100%" class="firstMethodCell">
                  <a onclick="toggleDetailsVisibility('com.chedai.test.ContractSignTest_ContractSign_byClass_FAIL2_details')">ContractSign()</a>
               </td>
               <td nowrap="true">17:23:22</td>
               <td nowrap="true" align="right">28s
                  
               </td>
               <td nowrap="true">
                  <a onclick="toggleDetailsVisibility('com.chedai.test.ContractSignTest_ContractSign_byClass_FAIL2_exception')">org.openqa.selenium.WebDriverException: 
                     unknown error: Element &lt;a href="#" class="easyui-linkbutton" onclick="uploadPdf(0)"&gt;...&lt;/a&gt; is not clickable at point (1728,
                     303). Other element would receive the click: &lt;div id="upload-img"&gt;...&lt;/div&gt;
                     (Session info: chrome=60.0.3112.113)
                     (Driver info: chromedriver=2.28.455520 (cc17746adff54984afff480136733114c6b3704b),platform=Windows NT 6.1.7601 SP1 x86_64)
                     (WARNING: The server did not provide any stacktrace information)
                     Command duration or timeout: 62 milliseconds
                     Build info: version: '3.4.0', revision: 'unknown', time: 'unknown'
                     System info: host: 'EIT-20170712IIN', ip: '172.20.8.159', os.name: 'Windows 7', os.arch: 'amd64', os.version: '6.1', java.version:
                     '1.8.0_144'
                     Driver info: org.openqa.selenium.chrome.ChromeDriver
                     Capabilities [{applicationCacheEnabled=false, rotatable=false, mobileEmulationEnabled=false, networkConnectionEnabled=false,
                     chrome={chromedriverVersion=2.28.455520 (cc17746adff54984afff480136733114c6b3704b), userDataDir=C:\Users\ADMINI~1.EIT\AppData\Local\Temp\scoped_dir6944_27902},
                     takesHeapSnapshot=true, pageLoadStrategy=normal, databaseEnabled=false, handlesAlerts=true, hasTouchScreen=false, version=60.0.3112.113,
                     platform=XP, browserConnectionEnabled=false, nativeEvents=true, acceptSslCerts=true, locationContextEnabled=true, webStorageEnabled=true,
                     browserName=chrome, takesScreenshot=true, javascriptEnabled=true, cssSelectorsEnabled=true, unexpectedAlertBehaviour=}]
                     Session ID: becf5bd30e4b12805fa2f6563e08b03e
                     
                  </a>
                   
                  
               </td>
            </tr>
            <tr>
               <td colspan="4" class="detailsBox">
                  <div id="com.chedai.test.ContractSignTest_ContractSign_byClass_FAIL2_details"
                       class="testMethodDetails">
                     <div>
                        <b>Name: </b>ContractSign
                     </div>
                     <div>
                        <b>Signature: </b>ContractSign()[pri:10, instance:com.chedai.test.ContractSignTest@23e028a9]
                     </div>
                     <div>
                        <b>Start time: </b>17:23:22
                     </div>
                     <div>
                        <b>End time: </b>17:23:51
                     </div>
                     <div>
                        <b>Duration: </b>28s
                        
                     </div>
                  </div>
               </td>
            </tr>
            <tr>
               <td colspan="4" class="detailsBox">
                  <div id="com.chedai.test.ContractSignTest_ContractSign_byClass_FAIL2_exception"
                       class="testMethodDetails">
                     <pre style="padding: 5px; margin: 0;">org.openqa.selenium.WebDriverException: unknown error: Element &lt;a href="#" class="easyui-linkbutton" onclick="uploadPdf(0)"&gt;...&lt;/a&gt;
                        is not clickable at point (1728, 303). Other element would receive the click: &lt;div id="upload-img"&gt;...&lt;/div&gt;
                        (Session info: chrome=60.0.3112.113)
                        (Driver info: chromedriver=2.28.455520 (cc17746adff54984afff480136733114c6b3704b),platform=Windows NT 6.1.7601 SP1 x86_64)
                        (WARNING: The server did not provide any stacktrace information)
                        Command duration or timeout: 62 milliseconds
                        Build info: version: '3.4.0', revision: 'unknown', time: 'unknown'
                        System info: host: 'EIT-20170712IIN', ip: '172.20.8.159', os.name: 'Windows 7', os.arch: 'amd64', os.version: '6.1', java.version:
                        '1.8.0_144'
                        Driver info: org.openqa.selenium.chrome.ChromeDriver
                        Capabilities [{applicationCacheEnabled=false, rotatable=false, mobileEmulationEnabled=false, networkConnectionEnabled=false,
                        chrome={chromedriverVersion=2.28.455520 (cc17746adff54984afff480136733114c6b3704b), userDataDir=C:\Users\ADMINI~1.EIT\AppData\Local\Temp\scoped_dir6944_27902},
                        takesHeapSnapshot=true, pageLoadStrategy=normal, databaseEnabled=false, handlesAlerts=true, hasTouchScreen=false, version=60.0.3112.113,
                        platform=XP, browserConnectionEnabled=false, nativeEvents=true, acceptSslCerts=true, locationContextEnabled=true, webStorageEnabled=true,
                        browserName=chrome, takesScreenshot=true, javascriptEnabled=true, cssSelectorsEnabled=true, unexpectedAlertBehaviour=}]
                        Session ID: becf5bd30e4b12805fa2f6563e08b03e
                        	at sun.reflect.NativeConstructorAccessorImpl.newInstance0(Native Method)
                        	at sun.reflect.NativeConstructorAccessorImpl.newInstance(Unknown Source)
                        	at sun.reflect.DelegatingConstructorAccessorImpl.newInstance(Unknown Source)
                        	at java.lang.reflect.Constructor.newInstance(Unknown Source)
                        	at org.openqa.selenium.remote.ErrorHandler.createThrowable(ErrorHandler.java:215)
                        	at org.openqa.selenium.remote.ErrorHandler.throwIfResponseFailed(ErrorHandler.java:167)
                        	at org.openqa.selenium.remote.RemoteWebDriver.execute(RemoteWebDriver.java:671)
                        	at org.openqa.selenium.remote.RemoteWebElement.execute(RemoteWebElement.java:272)
                        	at org.openqa.selenium.remote.RemoteWebElement.click(RemoteWebElement.java:82)
                        	at com.core.utils.BasePage.click(BasePage.java:221)
                        	at com.chedai.page.contractSignPage.signContractListPage(contractSignPage.java:60)
                        	at com.chedai.business.ContractSignBus.contractSignBus(ContractSignBus.java:16)
                        	at com.chedai.test.ContractSignTest.ContractSign(ContractSignTest.java:18)
                        	at sun.reflect.NativeMethodAccessorImpl.invoke0(Native Method)
                        	at sun.reflect.NativeMethodAccessorImpl.invoke(Unknown Source)
                        	at sun.reflect.DelegatingMethodAccessorImpl.invoke(Unknown Source)
                        	at java.lang.reflect.Method.invoke(Unknown Source)
                        	at org.testng.internal.MethodInvocationHelper.invokeMethod(MethodInvocationHelper.java:104)
                        	at org.testng.internal.Invoker.invokeMethod(Invoker.java:645)
                        	at org.testng.internal.Invoker.invokeTestMethod(Invoker.java:851)
                        	at org.testng.internal.Invoker.invokeTestMethods(Invoker.java:1177)
                        	at org.testng.internal.TestMethodWorker.invokeTestMethods(TestMethodWorker.java:129)
                        	at org.testng.internal.TestMethodWorker.run(TestMethodWorker.java:112)
                        	at java.util.concurrent.ThreadPoolExecutor.runWorker(Unknown Source)
                        	at java.util.concurrent.ThreadPoolExecutor$Worker.run(Unknown Source)
                        	at java.lang.Thread.run(Unknown Source)
                     </pre>
                  </div>
               </td>
            </tr>
            <tr id="com.chedai.test.ContractSignTest_logouttest_byClass_FAIL3_row"
                class="testMethodStatusFAIL testMethodStatusCONF">
               <td width="100%" class="firstMethodCell">
                  <a onclick="toggleDetailsVisibility('com.chedai.test.ContractSignTest_logouttest_byClass_FAIL3_details')">logouttest()</a>
               </td>
               <td nowrap="true">17:23:51</td>
               <td nowrap="true" align="right">0 ms
                  
               </td>
               <td nowrap="true">
                  <a onclick="toggleDetailsVisibility('com.chedai.test.ContractSignTest_logouttest_byClass_FAIL3_exception')">org.openqa.selenium.WebDriverException: 
                     unknown error: Element &lt;a href="#" class="dropdown-toggle" data-toggle="dropdown"&gt;...&lt;/a&gt; is not clickable at point (1847,
                     40). Other element would receive the click: &lt;div class="window-mask" style="width: 1920px; height: 934px; display: block;
                     z-index: 9000;"&gt;&lt;/div&gt;
                     (Session info: chrome=60.0.3112.113)
                     (Driver info: chromedriver=2.28.455520 (cc17746adff54984afff480136733114c6b3704b),platform=Windows NT 6.1.7601 SP1 x86_64)
                     (WARNING: The server did not provide any stacktrace information)
                     Command duration or timeout: 63 milliseconds
                     Build info: version: '3.4.0', revision: 'unknown', time: 'unknown'
                     System info: host: 'EIT-20170712IIN', ip: '172.20.8.159', os.name: 'Windows 7', os.arch: 'amd64', os.version: '6.1', java.version:
                     '1.8.0_144'
                     Driver info: org.openqa.selenium.chrome.ChromeDriver
                     Capabilities [{applicationCacheEnabled=false, rotatable=false, mobileEmulationEnabled=false, networkConnectionEnabled=false,
                     chrome={chromedriverVersion=2.28.455520 (cc17746adff54984afff480136733114c6b3704b), userDataDir=C:\Users\ADMINI~1.EIT\AppData\Local\Temp\scoped_dir6944_27902},
                     takesHeapSnapshot=true, pageLoadStrategy=normal, databaseEnabled=false, handlesAlerts=true, hasTouchScreen=false, version=60.0.3112.113,
                     platform=XP, browserConnectionEnabled=false, nativeEvents=true, acceptSslCerts=true, locationContextEnabled=true, webStorageEnabled=true,
                     browserName=chrome, takesScreenshot=true, javascriptEnabled=true, cssSelectorsEnabled=true, unexpectedAlertBehaviour=}]
                     Session ID: becf5bd30e4b12805fa2f6563e08b03e
                     
                  </a>
                   
                  
               </td>
            </tr>
            <tr>
               <td colspan="4" class="detailsBox">
                  <div id="com.chedai.test.ContractSignTest_logouttest_byClass_FAIL3_details"
                       class="testMethodDetails">
                     <div>
                        <b>Name: </b>logouttest
                     </div>
                     <div>
                        <b>Signature: </b>logouttest()[pri:0, instance:com.chedai.test.ContractSignTest@23e028a9]
                     </div>
                     <div>
                        <b>Start time: </b>17:23:51
                     </div>
                     <div>
                        <b>End time: </b>17:23:51
                     </div>
                     <div>
                        <b>Duration: </b>0 ms
                        
                     </div>
                  </div>
               </td>
            </tr>
            <tr>
               <td colspan="4" class="detailsBox">
                  <div id="com.chedai.test.ContractSignTest_logouttest_byClass_FAIL3_exception"
                       class="testMethodDetails">
                     <pre style="padding: 5px; margin: 0;">org.openqa.selenium.WebDriverException: unknown error: Element &lt;a href="#" class="dropdown-toggle" data-toggle="dropdown"&gt;...&lt;/a&gt;
                        is not clickable at point (1847, 40). Other element would receive the click: &lt;div class="window-mask" style="width: 1920px;
                        height: 934px; display: block; z-index: 9000;"&gt;&lt;/div&gt;
                        (Session info: chrome=60.0.3112.113)
                        (Driver info: chromedriver=2.28.455520 (cc17746adff54984afff480136733114c6b3704b),platform=Windows NT 6.1.7601 SP1 x86_64)
                        (WARNING: The server did not provide any stacktrace information)
                        Command duration or timeout: 63 milliseconds
                        Build info: version: '3.4.0', revision: 'unknown', time: 'unknown'
                        System info: host: 'EIT-20170712IIN', ip: '172.20.8.159', os.name: 'Windows 7', os.arch: 'amd64', os.version: '6.1', java.version:
                        '1.8.0_144'
                        Driver info: org.openqa.selenium.chrome.ChromeDriver
                        Capabilities [{applicationCacheEnabled=false, rotatable=false, mobileEmulationEnabled=false, networkConnectionEnabled=false,
                        chrome={chromedriverVersion=2.28.455520 (cc17746adff54984afff480136733114c6b3704b), userDataDir=C:\Users\ADMINI~1.EIT\AppData\Local\Temp\scoped_dir6944_27902},
                        takesHeapSnapshot=true, pageLoadStrategy=normal, databaseEnabled=false, handlesAlerts=true, hasTouchScreen=false, version=60.0.3112.113,
                        platform=XP, browserConnectionEnabled=false, nativeEvents=true, acceptSslCerts=true, locationContextEnabled=true, webStorageEnabled=true,
                        browserName=chrome, takesScreenshot=true, javascriptEnabled=true, cssSelectorsEnabled=true, unexpectedAlertBehaviour=}]
                        Session ID: becf5bd30e4b12805fa2f6563e08b03e
                        	at sun.reflect.NativeConstructorAccessorImpl.newInstance0(Native Method)
                        	at sun.reflect.NativeConstructorAccessorImpl.newInstance(Unknown Source)
                        	at sun.reflect.DelegatingConstructorAccessorImpl.newInstance(Unknown Source)
                        	at java.lang.reflect.Constructor.newInstance(Unknown Source)
                        	at org.openqa.selenium.remote.ErrorHandler.createThrowable(ErrorHandler.java:215)
                        	at org.openqa.selenium.remote.ErrorHandler.throwIfResponseFailed(ErrorHandler.java:167)
                        	at org.openqa.selenium.remote.RemoteWebDriver.execute(RemoteWebDriver.java:671)
                        	at org.openqa.selenium.remote.RemoteWebElement.execute(RemoteWebElement.java:272)
                        	at org.openqa.selenium.remote.RemoteWebElement.click(RemoteWebElement.java:82)
                        	at com.core.utils.BasePage.click(BasePage.java:221)
                        	at com.chedai.page.NewPackPage.logout(NewPackPage.java:145)
                        	at com.chedai.business.NewPackBus.logoutbus(NewPackBus.java:54)
                        	at com.chedai.test.InitTest.logouttest(InitTest.java:62)
                        	at sun.reflect.NativeMethodAccessorImpl.invoke0(Native Method)
                        	at sun.reflect.NativeMethodAccessorImpl.invoke(Unknown Source)
                        	at sun.reflect.DelegatingMethodAccessorImpl.invoke(Unknown Source)
                        	at java.lang.reflect.Method.invoke(Unknown Source)
                        	at org.testng.internal.MethodInvocationHelper.invokeMethod(MethodInvocationHelper.java:104)
                        	at org.testng.internal.Invoker.invokeConfigurationMethod(Invoker.java:515)
                        	at org.testng.internal.Invoker.invokeConfigurations(Invoker.java:217)
                        	at org.testng.internal.Invoker.invokeConfigurations(Invoker.java:144)
                        	at org.testng.internal.TestMethodWorker.invokeAfterClassMethods(TestMethodWorker.java:217)
                        	at org.testng.internal.TestMethodWorker.run(TestMethodWorker.java:115)
                        	at java.util.concurrent.ThreadPoolExecutor.runWorker(Unknown Source)
                        	at java.util.concurrent.ThreadPoolExecutor$Worker.run(Unknown Source)
                        	at java.lang.Thread.run(Unknown Source)
                     </pre>
                  </div>
               </td>
            </tr>
         </table>
         <br></br>
         <table class="testMethodsTable" cellpadding="0" cellspacing="0">
            <tr>
               <td colspan="4">
                  <h3 style="display: inline;">com.chedai.test.CreditEvaluation</h3>
               </td>
            </tr>
            <tr class="methodsTableHeader">
               <td width="100%">Name</td>
               <td nowrap="true">Started</td>
               <td nowrap="true">Duration</td>
               <td>Exception</td>
            </tr>
            <tr id="com.chedai.test.CreditEvaluation_AdminLoginTest_byClass_PASS1_row"
                class="testMethodStatusPASS testMethodStatusCONF">
               <td width="100%" class="firstMethodCell">
                  <a onclick="toggleDetailsVisibility('com.chedai.test.CreditEvaluation_AdminLoginTest_byClass_PASS1_details')">AdminLoginTest()</a>
               </td>
               <td nowrap="true">17:21:29</td>
               <td nowrap="true" align="right">589 ms
                  
               </td>
               <td nowrap="true">
                   
                  
               </td>
            </tr>
            <tr>
               <td colspan="4" class="detailsBox">
                  <div id="com.chedai.test.CreditEvaluation_AdminLoginTest_byClass_PASS1_details"
                       class="testMethodDetails">
                     <div>
                        <b>Name: </b>AdminLoginTest
                     </div>
                     <div>
                        <b>Signature: </b>AdminLoginTest()[pri:0, instance:com.chedai.test.CreditEvaluation@6e0e048a]
                     </div>
                     <div>
                        <b>Start time: </b>17:21:29
                     </div>
                     <div>
                        <b>End time: </b>17:21:30
                     </div>
                     <div>
                        <b>Duration: </b>589 ms
                        
                     </div>
                  </div>
               </td>
            </tr>
            <tr></tr>
            <tr id="com.chedai.test.CreditEvaluation_newCredit_byClass_PASS2_row"
                class="testMethodStatusPASS">
               <td width="100%" class="firstMethodCell">
                  <a onclick="toggleDetailsVisibility('com.chedai.test.CreditEvaluation_newCredit_byClass_PASS2_details')">newCredit()</a>
               </td>
               <td nowrap="true">17:21:30</td>
               <td nowrap="true" align="right">26s
                  
               </td>
               <td nowrap="true">
                   
                  
               </td>
            </tr>
            <tr>
               <td colspan="4" class="detailsBox">
                  <div id="com.chedai.test.CreditEvaluation_newCredit_byClass_PASS2_details"
                       class="testMethodDetails">
                     <div>
                        <b>Name: </b>newCredit
                     </div>
                     <div>
                        <b>Signature: </b>newCredit()[pri:2, instance:com.chedai.test.CreditEvaluation@6e0e048a]
                     </div>
                     <div>
                        <b>Start time: </b>17:21:30
                     </div>
                     <div>
                        <b>End time: </b>17:21:56
                     </div>
                     <div>
                        <b>Duration: </b>26s
                        
                     </div>
                  </div>
               </td>
            </tr>
            <tr></tr>
            <tr id="com.chedai.test.CreditEvaluation_newEvaluation_byClass_PASS3_row"
                class="testMethodStatusPASS">
               <td width="100%" class="firstMethodCell">
                  <a onclick="toggleDetailsVisibility('com.chedai.test.CreditEvaluation_newEvaluation_byClass_PASS3_details')">newEvaluation()</a>
               </td>
               <td nowrap="true">17:21:56</td>
               <td nowrap="true" align="right">18s
                  
               </td>
               <td nowrap="true">
                   
                  
               </td>
            </tr>
            <tr>
               <td colspan="4" class="detailsBox">
                  <div id="com.chedai.test.CreditEvaluation_newEvaluation_byClass_PASS3_details"
                       class="testMethodDetails">
                     <div>
                        <b>Name: </b>newEvaluation
                     </div>
                     <div>
                        <b>Signature: </b>newEvaluation()[pri:3, instance:com.chedai.test.CreditEvaluation@6e0e048a]
                     </div>
                     <div>
                        <b>Start time: </b>17:21:56
                     </div>
                     <div>
                        <b>End time: </b>17:22:14
                     </div>
                     <div>
                        <b>Duration: </b>18s
                        
                     </div>
                  </div>
               </td>
            </tr>
            <tr></tr>
            <tr id="com.chedai.test.CreditEvaluation_logouttest_byClass_PASS4_row"
                class="testMethodStatusPASS testMethodStatusCONF">
               <td width="100%" class="firstMethodCell">
                  <a onclick="toggleDetailsVisibility('com.chedai.test.CreditEvaluation_logouttest_byClass_PASS4_details')">logouttest()</a>
               </td>
               <td nowrap="true">17:22:14</td>
               <td nowrap="true" align="right">187 ms
                  
               </td>
               <td nowrap="true">
                   
                  
               </td>
            </tr>
            <tr>
               <td colspan="4" class="detailsBox">
                  <div id="com.chedai.test.CreditEvaluation_logouttest_byClass_PASS4_details"
                       class="testMethodDetails">
                     <div>
                        <b>Name: </b>logouttest
                     </div>
                     <div>
                        <b>Signature: </b>logouttest()[pri:0, instance:com.chedai.test.CreditEvaluation@6e0e048a]
                     </div>
                     <div>
                        <b>Start time: </b>17:22:14
                     </div>
                     <div>
                        <b>End time: </b>17:22:14
                     </div>
                     <div>
                        <b>Duration: </b>187 ms
                        
                     </div>
                  </div>
               </td>
            </tr>
            <tr></tr>
         </table>
         <br></br>
         <table class="testMethodsTable" cellpadding="0" cellspacing="0">
            <tr>
               <td colspan="4">
                  <h3 style="display: inline;">com.chedai.test.LoanTest</h3>
               </td>
            </tr>
            <tr class="methodsTableHeader">
               <td width="100%">Name</td>
               <td nowrap="true">Started</td>
               <td nowrap="true">Duration</td>
               <td>Exception</td>
            </tr>
            <tr id="com.chedai.test.LoanTest_sendApplicationTest_byClass_SKIP1_row"
                class="testMethodStatusSKIP">
               <td width="100%" class="firstMethodCell">
                  <a onclick="toggleDetailsVisibility('com.chedai.test.LoanTest_sendApplicationTest_byClass_SKIP1_details')">sendApplicationTest()</a>
               </td>
               <td nowrap="true">17:23:51</td>
               <td nowrap="true" align="right">1 ms
                  
               </td>
               <td nowrap="true">
                  <a onclick="toggleDetailsVisibility('com.chedai.test.LoanTest_sendApplicationTest_byClass_SKIP1_exception')">org.openqa.selenium.WebDriverException: 
                     unknown error: Element &lt;a href="#" class="dropdown-toggle" data-toggle="dropdown"&gt;...&lt;/a&gt; is not clickable at point (1847,
                     40). Other element would receive the click: &lt;div class="window-mask" style="width: 1920px; height: 934px; display: block;
                     z-index: 9000;"&gt;&lt;/div&gt;
                     (Session info: chrome=60.0.3112.113)
                     (Driver info: chromedriver=2.28.455520 (cc17746adff54984afff480136733114c6b3704b),platform=Windows NT 6.1.7601 SP1 x86_64)
                     (WARNING: The server did not provide any stacktrace information)
                     Command duration or timeout: 63 milliseconds
                     Build info: version: '3.4.0', revision: 'unknown', time: 'unknown'
                     System info: host: 'EIT-20170712IIN', ip: '172.20.8.159', os.name: 'Windows 7', os.arch: 'amd64', os.version: '6.1', java.version:
                     '1.8.0_144'
                     Driver info: org.openqa.selenium.chrome.ChromeDriver
                     Capabilities [{applicationCacheEnabled=false, rotatable=false, mobileEmulationEnabled=false, networkConnectionEnabled=false,
                     chrome={chromedriverVersion=2.28.455520 (cc17746adff54984afff480136733114c6b3704b), userDataDir=C:\Users\ADMINI~1.EIT\AppData\Local\Temp\scoped_dir6944_27902},
                     takesHeapSnapshot=true, pageLoadStrategy=normal, databaseEnabled=false, handlesAlerts=true, hasTouchScreen=false, version=60.0.3112.113,
                     platform=XP, browserConnectionEnabled=false, nativeEvents=true, acceptSslCerts=true, locationContextEnabled=true, webStorageEnabled=true,
                     browserName=chrome, takesScreenshot=true, javascriptEnabled=true, cssSelectorsEnabled=true, unexpectedAlertBehaviour=}]
                     Session ID: becf5bd30e4b12805fa2f6563e08b03e
                     
                  </a>
                   
                  
               </td>
            </tr>
            <tr>
               <td colspan="4" class="detailsBox">
                  <div id="com.chedai.test.LoanTest_sendApplicationTest_byClass_SKIP1_details"
                       class="testMethodDetails">
                     <div>
                        <b>Name: </b>sendApplicationTest
                     </div>
                     <div>
                        <b>Signature: </b>sendApplicationTest()[pri:12, instance:com.chedai.test.LoanTest@5ae63ade]
                     </div>
                     <div>
                        <b>Start time: </b>17:23:51
                     </div>
                     <div>
                        <b>End time: </b>17:23:51
                     </div>
                     <div>
                        <b>Duration: </b>1 ms
                        
                     </div>
                  </div>
               </td>
            </tr>
            <tr>
               <td colspan="4" class="detailsBox">
                  <div id="com.chedai.test.LoanTest_sendApplicationTest_byClass_SKIP1_exception"
                       class="testMethodDetails">
                     <pre style="padding: 5px; margin: 0;">org.openqa.selenium.WebDriverException: unknown error: Element &lt;a href="#" class="dropdown-toggle" data-toggle="dropdown"&gt;...&lt;/a&gt;
                        is not clickable at point (1847, 40). Other element would receive the click: &lt;div class="window-mask" style="width: 1920px;
                        height: 934px; display: block; z-index: 9000;"&gt;&lt;/div&gt;
                        (Session info: chrome=60.0.3112.113)
                        (Driver info: chromedriver=2.28.455520 (cc17746adff54984afff480136733114c6b3704b),platform=Windows NT 6.1.7601 SP1 x86_64)
                        (WARNING: The server did not provide any stacktrace information)
                        Command duration or timeout: 63 milliseconds
                        Build info: version: '3.4.0', revision: 'unknown', time: 'unknown'
                        System info: host: 'EIT-20170712IIN', ip: '172.20.8.159', os.name: 'Windows 7', os.arch: 'amd64', os.version: '6.1', java.version:
                        '1.8.0_144'
                        Driver info: org.openqa.selenium.chrome.ChromeDriver
                        Capabilities [{applicationCacheEnabled=false, rotatable=false, mobileEmulationEnabled=false, networkConnectionEnabled=false,
                        chrome={chromedriverVersion=2.28.455520 (cc17746adff54984afff480136733114c6b3704b), userDataDir=C:\Users\ADMINI~1.EIT\AppData\Local\Temp\scoped_dir6944_27902},
                        takesHeapSnapshot=true, pageLoadStrategy=normal, databaseEnabled=false, handlesAlerts=true, hasTouchScreen=false, version=60.0.3112.113,
                        platform=XP, browserConnectionEnabled=false, nativeEvents=true, acceptSslCerts=true, locationContextEnabled=true, webStorageEnabled=true,
                        browserName=chrome, takesScreenshot=true, javascriptEnabled=true, cssSelectorsEnabled=true, unexpectedAlertBehaviour=}]
                        Session ID: becf5bd30e4b12805fa2f6563e08b03e
                        	at sun.reflect.NativeConstructorAccessorImpl.newInstance0(Native Method)
                        	at sun.reflect.NativeConstructorAccessorImpl.newInstance(Unknown Source)
                        	at sun.reflect.DelegatingConstructorAccessorImpl.newInstance(Unknown Source)
                        	at java.lang.reflect.Constructor.newInstance(Unknown Source)
                        	at org.openqa.selenium.remote.ErrorHandler.createThrowable(ErrorHandler.java:215)
                        	at org.openqa.selenium.remote.ErrorHandler.throwIfResponseFailed(ErrorHandler.java:167)
                        	at org.openqa.selenium.remote.RemoteWebDriver.execute(RemoteWebDriver.java:671)
                        	at org.openqa.selenium.remote.RemoteWebElement.execute(RemoteWebElement.java:272)
                        	at org.openqa.selenium.remote.RemoteWebElement.click(RemoteWebElement.java:82)
                        	at com.core.utils.BasePage.click(BasePage.java:221)
                        	at com.chedai.page.NewPackPage.logout(NewPackPage.java:145)
                        	at com.chedai.business.NewPackBus.logoutbus(NewPackBus.java:54)
                        	at com.chedai.test.InitTest.logouttest(InitTest.java:62)
                        	at sun.reflect.NativeMethodAccessorImpl.invoke0(Native Method)
                        	at sun.reflect.NativeMethodAccessorImpl.invoke(Unknown Source)
                        	at sun.reflect.DelegatingMethodAccessorImpl.invoke(Unknown Source)
                        	at java.lang.reflect.Method.invoke(Unknown Source)
                        	at org.testng.internal.MethodInvocationHelper.invokeMethod(MethodInvocationHelper.java:104)
                        	at org.testng.internal.Invoker.invokeConfigurationMethod(Invoker.java:515)
                        	at org.testng.internal.Invoker.invokeConfigurations(Invoker.java:217)
                        	at org.testng.internal.Invoker.invokeConfigurations(Invoker.java:144)
                        	at org.testng.internal.TestMethodWorker.invokeAfterClassMethods(TestMethodWorker.java:217)
                        	at org.testng.internal.TestMethodWorker.run(TestMethodWorker.java:115)
                        	at java.util.concurrent.ThreadPoolExecutor.runWorker(Unknown Source)
                        	at java.util.concurrent.ThreadPoolExecutor$Worker.run(Unknown Source)
                        	at java.lang.Thread.run(Unknown Source)
                     </pre>
                  </div>
               </td>
            </tr>
            <tr id="com.chedai.test.LoanTest_AdminLoginTest_byClass_SKIP2_row"
                class="testMethodStatusSKIP testMethodStatusCONF">
               <td width="100%" class="firstMethodCell">
                  <a onclick="toggleDetailsVisibility('com.chedai.test.LoanTest_AdminLoginTest_byClass_SKIP2_details')">AdminLoginTest()</a>
               </td>
               <td nowrap="true">17:23:51</td>
               <td nowrap="true" align="right">0 ms
                  
               </td>
               <td nowrap="true">
                   
                  
               </td>
            </tr>
            <tr>
               <td colspan="4" class="detailsBox">
                  <div id="com.chedai.test.LoanTest_AdminLoginTest_byClass_SKIP2_details"
                       class="testMethodDetails">
                     <div>
                        <b>Name: </b>AdminLoginTest
                     </div>
                     <div>
                        <b>Signature: </b>AdminLoginTest()[pri:0, instance:com.chedai.test.LoanTest@5ae63ade]
                     </div>
                     <div>
                        <b>Start time: </b>17:23:51
                     </div>
                     <div>
                        <b>End time: </b>17:23:51
                     </div>
                     <div>
                        <b>Duration: </b>0 ms
                        
                     </div>
                  </div>
               </td>
            </tr>
            <tr></tr>
            <tr id="com.chedai.test.LoanTest_SendTenderAuditTest_byClass_SKIP3_row"
                class="testMethodStatusSKIP">
               <td width="100%" class="firstMethodCell">
                  <a onclick="toggleDetailsVisibility('com.chedai.test.LoanTest_SendTenderAuditTest_byClass_SKIP3_details')">SendTenderAuditTest()</a>
               </td>
               <td nowrap="true">17:23:51</td>
               <td nowrap="true" align="right">1 ms
                  
               </td>
               <td nowrap="true">
                  <a onclick="toggleDetailsVisibility('com.chedai.test.LoanTest_SendTenderAuditTest_byClass_SKIP3_exception')">org.openqa.selenium.WebDriverException: 
                     unknown error: Element &lt;a href="#" class="dropdown-toggle" data-toggle="dropdown"&gt;...&lt;/a&gt; is not clickable at point (1847,
                     40). Other element would receive the click: &lt;div class="window-mask" style="width: 1920px; height: 934px; display: block;
                     z-index: 9000;"&gt;&lt;/div&gt;
                     (Session info: chrome=60.0.3112.113)
                     (Driver info: chromedriver=2.28.455520 (cc17746adff54984afff480136733114c6b3704b),platform=Windows NT 6.1.7601 SP1 x86_64)
                     (WARNING: The server did not provide any stacktrace information)
                     Command duration or timeout: 63 milliseconds
                     Build info: version: '3.4.0', revision: 'unknown', time: 'unknown'
                     System info: host: 'EIT-20170712IIN', ip: '172.20.8.159', os.name: 'Windows 7', os.arch: 'amd64', os.version: '6.1', java.version:
                     '1.8.0_144'
                     Driver info: org.openqa.selenium.chrome.ChromeDriver
                     Capabilities [{applicationCacheEnabled=false, rotatable=false, mobileEmulationEnabled=false, networkConnectionEnabled=false,
                     chrome={chromedriverVersion=2.28.455520 (cc17746adff54984afff480136733114c6b3704b), userDataDir=C:\Users\ADMINI~1.EIT\AppData\Local\Temp\scoped_dir6944_27902},
                     takesHeapSnapshot=true, pageLoadStrategy=normal, databaseEnabled=false, handlesAlerts=true, hasTouchScreen=false, version=60.0.3112.113,
                     platform=XP, browserConnectionEnabled=false, nativeEvents=true, acceptSslCerts=true, locationContextEnabled=true, webStorageEnabled=true,
                     browserName=chrome, takesScreenshot=true, javascriptEnabled=true, cssSelectorsEnabled=true, unexpectedAlertBehaviour=}]
                     Session ID: becf5bd30e4b12805fa2f6563e08b03e
                     
                  </a>
                   
                  
               </td>
            </tr>
            <tr>
               <td colspan="4" class="detailsBox">
                  <div id="com.chedai.test.LoanTest_SendTenderAuditTest_byClass_SKIP3_details"
                       class="testMethodDetails">
                     <div>
                        <b>Name: </b>SendTenderAuditTest
                     </div>
                     <div>
                        <b>Signature: </b>SendTenderAuditTest()[pri:13, instance:com.chedai.test.LoanTest@5ae63ade]
                     </div>
                     <div>
                        <b>Start time: </b>17:23:51
                     </div>
                     <div>
                        <b>End time: </b>17:23:51
                     </div>
                     <div>
                        <b>Duration: </b>1 ms
                        
                     </div>
                  </div>
               </td>
            </tr>
            <tr>
               <td colspan="4" class="detailsBox">
                  <div id="com.chedai.test.LoanTest_SendTenderAuditTest_byClass_SKIP3_exception"
                       class="testMethodDetails">
                     <pre style="padding: 5px; margin: 0;">org.openqa.selenium.WebDriverException: unknown error: Element &lt;a href="#" class="dropdown-toggle" data-toggle="dropdown"&gt;...&lt;/a&gt;
                        is not clickable at point (1847, 40). Other element would receive the click: &lt;div class="window-mask" style="width: 1920px;
                        height: 934px; display: block; z-index: 9000;"&gt;&lt;/div&gt;
                        (Session info: chrome=60.0.3112.113)
                        (Driver info: chromedriver=2.28.455520 (cc17746adff54984afff480136733114c6b3704b),platform=Windows NT 6.1.7601 SP1 x86_64)
                        (WARNING: The server did not provide any stacktrace information)
                        Command duration or timeout: 63 milliseconds
                        Build info: version: '3.4.0', revision: 'unknown', time: 'unknown'
                        System info: host: 'EIT-20170712IIN', ip: '172.20.8.159', os.name: 'Windows 7', os.arch: 'amd64', os.version: '6.1', java.version:
                        '1.8.0_144'
                        Driver info: org.openqa.selenium.chrome.ChromeDriver
                        Capabilities [{applicationCacheEnabled=false, rotatable=false, mobileEmulationEnabled=false, networkConnectionEnabled=false,
                        chrome={chromedriverVersion=2.28.455520 (cc17746adff54984afff480136733114c6b3704b), userDataDir=C:\Users\ADMINI~1.EIT\AppData\Local\Temp\scoped_dir6944_27902},
                        takesHeapSnapshot=true, pageLoadStrategy=normal, databaseEnabled=false, handlesAlerts=true, hasTouchScreen=false, version=60.0.3112.113,
                        platform=XP, browserConnectionEnabled=false, nativeEvents=true, acceptSslCerts=true, locationContextEnabled=true, webStorageEnabled=true,
                        browserName=chrome, takesScreenshot=true, javascriptEnabled=true, cssSelectorsEnabled=true, unexpectedAlertBehaviour=}]
                        Session ID: becf5bd30e4b12805fa2f6563e08b03e
                        	at sun.reflect.NativeConstructorAccessorImpl.newInstance0(Native Method)
                        	at sun.reflect.NativeConstructorAccessorImpl.newInstance(Unknown Source)
                        	at sun.reflect.DelegatingConstructorAccessorImpl.newInstance(Unknown Source)
                        	at java.lang.reflect.Constructor.newInstance(Unknown Source)
                        	at org.openqa.selenium.remote.ErrorHandler.createThrowable(ErrorHandler.java:215)
                        	at org.openqa.selenium.remote.ErrorHandler.throwIfResponseFailed(ErrorHandler.java:167)
                        	at org.openqa.selenium.remote.RemoteWebDriver.execute(RemoteWebDriver.java:671)
                        	at org.openqa.selenium.remote.RemoteWebElement.execute(RemoteWebElement.java:272)
                        	at org.openqa.selenium.remote.RemoteWebElement.click(RemoteWebElement.java:82)
                        	at com.core.utils.BasePage.click(BasePage.java:221)
                        	at com.chedai.page.NewPackPage.logout(NewPackPage.java:145)
                        	at com.chedai.business.NewPackBus.logoutbus(NewPackBus.java:54)
                        	at com.chedai.test.InitTest.logouttest(InitTest.java:62)
                        	at sun.reflect.NativeMethodAccessorImpl.invoke0(Native Method)
                        	at sun.reflect.NativeMethodAccessorImpl.invoke(Unknown Source)
                        	at sun.reflect.DelegatingMethodAccessorImpl.invoke(Unknown Source)
                        	at java.lang.reflect.Method.invoke(Unknown Source)
                        	at org.testng.internal.MethodInvocationHelper.invokeMethod(MethodInvocationHelper.java:104)
                        	at org.testng.internal.Invoker.invokeConfigurationMethod(Invoker.java:515)
                        	at org.testng.internal.Invoker.invokeConfigurations(Invoker.java:217)
                        	at org.testng.internal.Invoker.invokeConfigurations(Invoker.java:144)
                        	at org.testng.internal.TestMethodWorker.invokeAfterClassMethods(TestMethodWorker.java:217)
                        	at org.testng.internal.TestMethodWorker.run(TestMethodWorker.java:115)
                        	at java.util.concurrent.ThreadPoolExecutor.runWorker(Unknown Source)
                        	at java.util.concurrent.ThreadPoolExecutor$Worker.run(Unknown Source)
                        	at java.lang.Thread.run(Unknown Source)
                     </pre>
                  </div>
               </td>
            </tr>
            <tr id="com.chedai.test.LoanTest_logouttest_byClass_SKIP4_row"
                class="testMethodStatusSKIP testMethodStatusCONF">
               <td width="100%" class="firstMethodCell">
                  <a onclick="toggleDetailsVisibility('com.chedai.test.LoanTest_logouttest_byClass_SKIP4_details')">logouttest()</a>
               </td>
               <td nowrap="true">17:23:51</td>
               <td nowrap="true" align="right">0 ms
                  
               </td>
               <td nowrap="true">
                   
                  
               </td>
            </tr>
            <tr>
               <td colspan="4" class="detailsBox">
                  <div id="com.chedai.test.LoanTest_logouttest_byClass_SKIP4_details"
                       class="testMethodDetails">
                     <div>
                        <b>Name: </b>logouttest
                     </div>
                     <div>
                        <b>Signature: </b>logouttest()[pri:0, instance:com.chedai.test.LoanTest@5ae63ade]
                     </div>
                     <div>
                        <b>Start time: </b>17:23:51
                     </div>
                     <div>
                        <b>End time: </b>17:23:51
                     </div>
                     <div>
                        <b>Duration: </b>0 ms
                        
                     </div>
                  </div>
               </td>
            </tr>
            <tr></tr>
         </table>
         <br></br>
         <table class="testMethodsTable" cellpadding="0" cellspacing="0">
            <tr>
               <td colspan="4">
                  <h3 style="display: inline;">com.chedai.test.NewPackTest</h3>
               </td>
            </tr>
            <tr class="methodsTableHeader">
               <td width="100%">Name</td>
               <td nowrap="true">Started</td>
               <td nowrap="true">Duration</td>
               <td>Exception</td>
            </tr>
            <tr id="com.chedai.test.NewPackTest_setUp_byClass_PASS1_row"
                class="testMethodStatusPASS testMethodStatusCONF">
               <td width="100%" class="firstMethodCell">
                  <a onclick="toggleDetailsVisibility('com.chedai.test.NewPackTest_setUp_byClass_PASS1_details')">setUp()</a>
               </td>
               <td nowrap="true">17:21:20</td>
               <td nowrap="true" align="right">2s
                  
               </td>
               <td nowrap="true">
                   
                  
               </td>
            </tr>
            <tr>
               <td colspan="4" class="detailsBox">
                  <div id="com.chedai.test.NewPackTest_setUp_byClass_PASS1_details"
                       class="testMethodDetails">
                     <div>
                        <b>Name: </b>setUp
                     </div>
                     <div>
                        <b>Signature: </b>setUp()[pri:0, instance:com.chedai.test.NewPackTest@5b87ed94]
                     </div>
                     <div>
                        <b>Start time: </b>17:21:20
                     </div>
                     <div>
                        <b>End time: </b>17:21:22
                     </div>
                     <div>
                        <b>Duration: </b>2s
                        
                     </div>
                  </div>
               </td>
            </tr>
            <tr></tr>
            <tr id="com.chedai.test.NewPackTest_AdminLoginTest_byClass_PASS2_row"
                class="testMethodStatusPASS testMethodStatusCONF">
               <td width="100%" class="firstMethodCell">
                  <a onclick="toggleDetailsVisibility('com.chedai.test.NewPackTest_AdminLoginTest_byClass_PASS2_details')">AdminLoginTest()</a>
               </td>
               <td nowrap="true">17:21:22</td>
               <td nowrap="true" align="right">840 ms
                  
               </td>
               <td nowrap="true">
                   
                  
               </td>
            </tr>
            <tr>
               <td colspan="4" class="detailsBox">
                  <div id="com.chedai.test.NewPackTest_AdminLoginTest_byClass_PASS2_details"
                       class="testMethodDetails">
                     <div>
                        <b>Name: </b>AdminLoginTest
                     </div>
                     <div>
                        <b>Signature: </b>AdminLoginTest()[pri:0, instance:com.chedai.test.NewPackTest@5b87ed94]
                     </div>
                     <div>
                        <b>Start time: </b>17:21:22
                     </div>
                     <div>
                        <b>End time: </b>17:21:23
                     </div>
                     <div>
                        <b>Duration: </b>840 ms
                        
                     </div>
                  </div>
               </td>
            </tr>
            <tr></tr>
            <tr id="com.chedai.test.NewPackTest_LoginTest_byClass_PASS3_row"
                class="testMethodStatusPASS">
               <td width="100%" class="firstMethodCell">
                  <a onclick="toggleDetailsVisibility('com.chedai.test.NewPackTest_LoginTest_byClass_PASS3_details')">LoginTest()</a>
               </td>
               <td nowrap="true">17:21:23</td>
               <td nowrap="true" align="right">753 ms
                  
               </td>
               <td nowrap="true">
                   
                  
               </td>
            </tr>
            <tr>
               <td colspan="4" class="detailsBox">
                  <div id="com.chedai.test.NewPackTest_LoginTest_byClass_PASS3_details"
                       class="testMethodDetails">
                     <div>
                        <b>Name: </b>LoginTest
                     </div>
                     <div>
                        <b>Signature: </b>LoginTest()[pri:0, instance:com.chedai.test.NewPackTest@5b87ed94]
                     </div>
                     <div>
                        <b>Start time: </b>17:21:23
                     </div>
                     <div>
                        <b>End time: </b>17:21:24
                     </div>
                     <div>
                        <b>Duration: </b>753 ms
                        
                     </div>
                  </div>
               </td>
            </tr>
            <tr></tr>
            <tr id="com.chedai.test.NewPackTest_newPack_byClass_PASS4_row"
                class="testMethodStatusPASS">
               <td width="100%" class="firstMethodCell">
                  <a onclick="toggleDetailsVisibility('com.chedai.test.NewPackTest_newPack_byClass_PASS4_details')">newPack()</a>
               </td>
               <td nowrap="true">17:21:24</td>
               <td nowrap="true" align="right">4s
                  
               </td>
               <td nowrap="true">
                   
                  
               </td>
            </tr>
            <tr>
               <td colspan="4" class="detailsBox">
                  <div id="com.chedai.test.NewPackTest_newPack_byClass_PASS4_details"
                       class="testMethodDetails">
                     <div>
                        <b>Name: </b>newPack
                     </div>
                     <div>
                        <b>Signature: </b>newPack()[pri:1, instance:com.chedai.test.NewPackTest@5b87ed94]
                     </div>
                     <div>
                        <b>Start time: </b>17:21:24
                     </div>
                     <div>
                        <b>End time: </b>17:21:29
                     </div>
                     <div>
                        <b>Duration: </b>4s
                        
                     </div>
                  </div>
               </td>
            </tr>
            <tr></tr>
            <tr id="com.chedai.test.NewPackTest_logouttest_byClass_PASS5_row"
                class="testMethodStatusPASS testMethodStatusCONF">
               <td width="100%" class="firstMethodCell">
                  <a onclick="toggleDetailsVisibility('com.chedai.test.NewPackTest_logouttest_byClass_PASS5_details')">logouttest()</a>
               </td>
               <td nowrap="true">17:21:29</td>
               <td nowrap="true" align="right">424 ms
                  
               </td>
               <td nowrap="true">
                   
                  
               </td>
            </tr>
            <tr>
               <td colspan="4" class="detailsBox">
                  <div id="com.chedai.test.NewPackTest_logouttest_byClass_PASS5_details"
                       class="testMethodDetails">
                     <div>
                        <b>Name: </b>logouttest
                     </div>
                     <div>
                        <b>Signature: </b>logouttest()[pri:0, instance:com.chedai.test.NewPackTest@5b87ed94]
                     </div>
                     <div>
                        <b>Start time: </b>17:21:29
                     </div>
                     <div>
                        <b>End time: </b>17:21:29
                     </div>
                     <div>
                        <b>Duration: </b>424 ms
                        
                     </div>
                  </div>
               </td>
            </tr>
            <tr></tr>
            <tr id="com.chedai.test.NewPackTest_tearDown_byClass_SKIP6_row"
                class="testMethodStatusSKIP testMethodStatusCONF">
               <td width="100%" class="firstMethodCell">
                  <a onclick="toggleDetailsVisibility('com.chedai.test.NewPackTest_tearDown_byClass_SKIP6_details')">tearDown()</a>
               </td>
               <td nowrap="true">17:23:51</td>
               <td nowrap="true" align="right">0 ms
                  
               </td>
               <td nowrap="true">
                   
                  
               </td>
            </tr>
            <tr>
               <td colspan="4" class="detailsBox">
                  <div id="com.chedai.test.NewPackTest_tearDown_byClass_SKIP6_details"
                       class="testMethodDetails">
                     <div>
                        <b>Name: </b>tearDown
                     </div>
                     <div>
                        <b>Signature: </b>tearDown()[pri:0, instance:com.chedai.test.NewPackTest@5b87ed94]
                     </div>
                     <div>
                        <b>Start time: </b>17:23:51
                     </div>
                     <div>
                        <b>End time: </b>17:23:51
                     </div>
                     <div>
                        <b>Duration: </b>0 ms
                        
                     </div>
                  </div>
               </td>
            </tr>
            <tr></tr>
         </table>
         <br></br>
         <table class="testMethodsTable" cellpadding="0" cellspacing="0">
            <tr>
               <td colspan="4">
                  <h3 style="display: inline;">com.chedai.test.ReportTheContract</h3>
               </td>
            </tr>
            <tr class="methodsTableHeader">
               <td width="100%">Name</td>
               <td nowrap="true">Started</td>
               <td nowrap="true">Duration</td>
               <td>Exception</td>
            </tr>
            <tr id="com.chedai.test.ReportTheContract_AdminLoginTest_byClass_PASS1_row"
                class="testMethodStatusPASS testMethodStatusCONF">
               <td width="100%" class="firstMethodCell">
                  <a onclick="toggleDetailsVisibility('com.chedai.test.ReportTheContract_AdminLoginTest_byClass_PASS1_details')">AdminLoginTest()</a>
               </td>
               <td nowrap="true">17:23:08</td>
               <td nowrap="true" align="right">603 ms
                  
               </td>
               <td nowrap="true">
                   
                  
               </td>
            </tr>
            <tr>
               <td colspan="4" class="detailsBox">
                  <div id="com.chedai.test.ReportTheContract_AdminLoginTest_byClass_PASS1_details"
                       class="testMethodDetails">
                     <div>
                        <b>Name: </b>AdminLoginTest
                     </div>
                     <div>
                        <b>Signature: </b>AdminLoginTest()[pri:0, instance:com.chedai.test.ReportTheContract@47ef968d]
                     </div>
                     <div>
                        <b>Start time: </b>17:23:08
                     </div>
                     <div>
                        <b>End time: </b>17:23:09
                     </div>
                     <div>
                        <b>Duration: </b>603 ms
                        
                     </div>
                  </div>
               </td>
            </tr>
            <tr></tr>
            <tr id="com.chedai.test.ReportTheContract_AgreeReview_byClass_PASS2_row"
                class="testMethodStatusPASS">
               <td width="100%" class="firstMethodCell">
                  <a onclick="toggleDetailsVisibility('com.chedai.test.ReportTheContract_AgreeReview_byClass_PASS2_details')">AgreeReview()</a>
               </td>
               <td nowrap="true">17:23:09</td>
               <td nowrap="true" align="right">3s
                  
               </td>
               <td nowrap="true">
                   
                  
               </td>
            </tr>
            <tr>
               <td colspan="4" class="detailsBox">
                  <div id="com.chedai.test.ReportTheContract_AgreeReview_byClass_PASS2_details"
                       class="testMethodDetails">
                     <div>
                        <b>Name: </b>AgreeReview
                     </div>
                     <div>
                        <b>Signature: </b>AgreeReview()[pri:8, instance:com.chedai.test.ReportTheContract@47ef968d]
                     </div>
                     <div>
                        <b>Start time: </b>17:23:09
                     </div>
                     <div>
                        <b>End time: </b>17:23:12
                     </div>
                     <div>
                        <b>Duration: </b>3s
                        
                     </div>
                  </div>
               </td>
            </tr>
            <tr></tr>
            <tr id="com.chedai.test.ReportTheContract_SignContract_byClass_PASS3_row"
                class="testMethodStatusPASS">
               <td width="100%" class="firstMethodCell">
                  <a onclick="toggleDetailsVisibility('com.chedai.test.ReportTheContract_SignContract_byClass_PASS3_details')">SignContract()</a>
               </td>
               <td nowrap="true">17:23:12</td>
               <td nowrap="true" align="right">8s
                  
               </td>
               <td nowrap="true">
                   
                  
               </td>
            </tr>
            <tr>
               <td colspan="4" class="detailsBox">
                  <div id="com.chedai.test.ReportTheContract_SignContract_byClass_PASS3_details"
                       class="testMethodDetails">
                     <div>
                        <b>Name: </b>SignContract
                     </div>
                     <div>
                        <b>Signature: </b>SignContract()[pri:9, instance:com.chedai.test.ReportTheContract@47ef968d]
                     </div>
                     <div>
                        <b>Start time: </b>17:23:12
                     </div>
                     <div>
                        <b>End time: </b>17:23:21
                     </div>
                     <div>
                        <b>Duration: </b>8s
                        
                     </div>
                  </div>
               </td>
            </tr>
            <tr></tr>
            <tr id="com.chedai.test.ReportTheContract_logouttest_byClass_PASS4_row"
                class="testMethodStatusPASS testMethodStatusCONF">
               <td width="100%" class="firstMethodCell">
                  <a onclick="toggleDetailsVisibility('com.chedai.test.ReportTheContract_logouttest_byClass_PASS4_details')">logouttest()</a>
               </td>
               <td nowrap="true">17:23:21</td>
               <td nowrap="true" align="right">159 ms
                  
               </td>
               <td nowrap="true">
                   
                  
               </td>
            </tr>
            <tr>
               <td colspan="4" class="detailsBox">
                  <div id="com.chedai.test.ReportTheContract_logouttest_byClass_PASS4_details"
                       class="testMethodDetails">
                     <div>
                        <b>Name: </b>logouttest
                     </div>
                     <div>
                        <b>Signature: </b>logouttest()[pri:0, instance:com.chedai.test.ReportTheContract@47ef968d]
                     </div>
                     <div>
                        <b>Start time: </b>17:23:21
                     </div>
                     <div>
                        <b>End time: </b>17:23:21
                     </div>
                     <div>
                        <b>Duration: </b>159 ms
                        
                     </div>
                  </div>
               </td>
            </tr>
            <tr></tr>
         </table>
         <br></br>
      </div>
      <div style="margin-top: 15px; color: gray; text-align: center; font-size: 9px;">
         Generated with
         
         <a href="http://code.google.com/p/testng-xslt/" style="color: #8888aa;"
            target="_blank">
            TestNG XSLT
            
         </a>
      </div>
   </body>
</html>